
===== Parameters =====
/dynamic_collision_mpc/debug_info: 0
/dynamic_collision_mpc/delay_mode: 0
/dynamic_collision_mpc/frequency_dT: 0.1
/dynamic_collision_mpc/mpc_steps: 40
/dynamic_collision_mpc/mpc_w_distx: 10000
/dynamic_collision_mpc/mpc_w_disty: 10000
/dynamic_collision_mpc/mpc_w_etheta: 10000
/dynamic_collision_mpc/mpc_max_angvel: 0.3
/dynamic_collision_mpc/mpc_max_vel: 0.2
[0m[ INFO] [1710166255.018988764]: Create the record folder: /home/diamondlee/VKConTieta_ws/src/open_door_tieta_mpc/tieta_result_csv/result/sim_plot_20240311_221055[0m
[0m[ INFO] [1710166255.019400896]: record_csv/csv file has been open ![0m
[0m[ INFO] [1710166255.019436473]: Create the record folder: /home/diamondlee/VKConTieta_ws/src/open_door_tieta_mpc/tieta_result_csv/debug/sim_debug20240311_221055[0m
[0m[ INFO] [1710166255.019458434]: debug_csv/csv file has been open ![0m
[0m[ INFO] [1710166255.019504771]: Class mpc : record_csv/csv file has been open ![0m
[0m[ INFO] [1710166255.019543694]: Class mpc : debug_csv/csv file has been open ![0m

!! MPC Obj parameters updated !! 
[0m[ INFO] [1710166255.220841397]: Waiting for reference traj msgs ~[0m
rcvTrajCBä¸­mpcstepsä¸º 40
[0m[ INFO] [1710166255.333805996]: Track Traj has received !!! Track Traj real length: 264[0m
[0m[ INFO] [1710166255.333814983]: Track Traj has received !!! Track Traj subscribed length: 428[0m
publish joint velocitys: 0,0,0,0,0,0,0,0,0,0,0,
publish joint velocitys: 0,0,0,0,0,0,0,0,0,0,0,
publish joint velocitys: 0,0,0,0,0,0,0,0,0,0,0,
publish joint velocitys: 0,0,0,0,0,0,0,0,0,0,0,
publish joint velocitys: 0,0,0,0,0,0,0,0,0,0,0,
publish joint velocitys: 0,0,0,0,0,0,0,0,0,0,0,
publish joint velocitys: 0,0,0,0,0,0,0,0,0,0,0,
publish joint velocitys: 0,0,0,0,0,0,0,0,0,0,0,
publish joint velocitys: 0,0,0,0,0,0,0,0,0,0,0,
publish joint velocitys: 0,0,0,0,0,0,0,0,0,0,0,
publish joint velocitys: 0,0,0,0,0,0,0,0,0,0,0,
debug_start
***********************  å¼€å§‹Control Loop  ************************
_traj_receivedä¸º1
_track_finishedä¸º0
_loop_countä¸º0
_realTraj_lengthä¸º264
_run_loop_trajä¸º 1
_run_loop_countä¸º 1
_run_loopä¸º 1
getTrackTrajç”¨æ—¶: 1.12057e-05
getTrackTraj stamp: 0.000118256
_mpc_trackTraj_sizeæ˜¯å¦æ­£ç¡®: 1
_trackTraj_computedä¸º 1
_start_mpc_trackTrajä¸º 1
===================  è¿›å…¥å‰æœŸè®¡ç®—  =============================
state position: 0.103956,0.953408,0.396687
state velocity: 0,0,0
flag: 0
terminal_nums: 263

!! MPC Obj Solve Called !! 
[0m[ INFO] [1710166258.287300710]: Class FG_eval : debug_csv/csv file has been open ! : /home/diamondlee/VKConTieta_ws/src/open_door_tieta_mpc/tieta_result_csv/debug/sim_debug20240311_221055/fg_evalue_segTraj.csv[0m
FG_eval paramster has been set.
+++++++++++++++++  å¼€å§‹æ±‚è§£  +++++++++++++++
cppAd input size:
n_var:237
n_var_lowb237
n_var_upb237
n_con_lowb:120
n_con_upb:120
è¿›æ¥å‡ æ¬¡å•Š
track traj angle_0
0.103956,0.953408,0.396687
track traj angle_1
0.10393,0.953378,0.396681
track traj angle_2
0.10385,0.95329,0.396662
track traj angle_3
0.103718,0.953142,0.396632
track traj angle_4
0.103534,0.952935,0.396589
track traj angle_5
0.103296,0.952668,0.396533
track traj angle_6
0.103006,0.952343,0.396466
track traj angle_7
0.102662,0.951958,0.396386
track traj angle_8
0.102266,0.951514,0.396293
track traj angle_9
0.101817,0.951011,0.396189
track traj angle_10
0.101316,0.950449,0.396072
track traj angle_11
0.100761,0.949828,0.395943
track traj angle_12
0.100154,0.949148,0.395801
track traj angle_13
0.099494,0.948408,0.395648
track traj angle_14
0.0987812,0.947609,0.395481
track traj angle_15
0.0980155,0.946751,0.395303
track traj angle_16
0.0971971,0.945834,0.395112
track traj angle_17
0.0963258,0.944857,0.394909
track traj angle_18
0.0954017,0.943822,0.394694
track traj angle_19
0.0944248,0.942727,0.394467
track traj angle_20
0.0933952,0.941573,0.394227
track traj angle_21
0.0923127,0.94036,0.393975
track traj angle_22
0.0911787,0.939087,0.39371
track traj angle_23
0.0899945,0.937753,0.393432
track traj angle_24
0.0887605,0.936357,0.393142
track traj angle_25
0.087477,0.9349,0.392839
track traj angle_26
0.0861445,0.933381,0.392523
track traj angle_27
0.0847632,0.931799,0.392194
track traj angle_28
0.0833337,0.930155,0.391851
track traj angle_29
0.0818564,0.928448,0.391496
track traj angle_30
0.0803317,0.926678,0.391127
track traj angle_31
0.07876,0.924844,0.390745
track traj angle_32
0.0771419,0.922947,0.39035
track traj angle_33
0.0754777,0.920985,0.389941
track traj angle_34
0.0737682,0.918959,0.389518
track traj angle_35
0.0720136,0.916867,0.389082
track traj angle_36
0.0702147,0.914711,0.388632
track traj angle_37
0.0683719,0.912488,0.388168
track traj angle_38
0.0664861,0.910199,0.38769
track traj angle_39
0.0645577,0.907844,0.387199
cost_distx: 0,cost_disty: 0,cost_etheta: 0,track traj angle_0
0.103956,0.953408,0.396687
track traj angle_1
0.10393,0.953378,0.396681
track traj angle_2
0.10385,0.95329,0.396662
track traj angle_3
0.103718,0.953142,0.396632
track traj angle_4
0.103534,0.952935,0.396589
track traj angle_5
0.103296,0.952668,0.396533
track traj angle_6
0.103006,0.952343,0.396466
track traj angle_7
0.102662,0.951958,0.396386
track traj angle_8
0.102266,0.951514,0.396293
track traj angle_9
0.101817,0.951011,0.396189
track traj angle_10
0.101316,0.950449,0.396072
track traj angle_11
0.100761,0.949828,0.395943
track traj angle_12
0.100154,0.949148,0.395801
track traj angle_13
0.099494,0.948408,0.395648
track traj angle_14
0.0987812,0.947609,0.395481
track traj angle_15
0.0980155,0.946751,0.395303
track traj angle_16
0.0971971,0.945834,0.395112
track traj angle_17
0.0963258,0.944857,0.394909
track traj angle_18
0.0954017,0.943822,0.394694
track traj angle_19
0.0944248,0.942727,0.394467
track traj angle_20
0.0933952,0.941573,0.394227
track traj angle_21
0.0923127,0.94036,0.393975
track traj angle_22
0.0911787,0.939087,0.39371
track traj angle_23
0.0899945,0.937753,0.393432
track traj angle_24
0.0887605,0.936357,0.393142
track traj angle_25
0.087477,0.9349,0.392839
track traj angle_26
0.0861445,0.933381,0.392523
track traj angle_27
0.0847632,0.931799,0.392194
track traj angle_28
0.0833337,0.930155,0.391851
track traj angle_29
0.0818564,0.928448,0.391496
track traj angle_30
0.0803317,0.926678,0.391127
track traj angle_31
0.07876,0.924844,0.390745
track traj angle_32
0.0771419,0.922947,0.39035
track traj angle_33
0.0754777,0.920985,0.389941
track traj angle_34
0.0737682,0.918959,0.389518
track traj angle_35
0.0720136,0.916867,0.389082
track traj angle_36
0.0702147,0.914711,0.388632
track traj angle_37
0.0683719,0.912488,0.388168
track traj angle_38
0.0664861,0.910199,0.38769
track traj angle_39
0.0645577,0.907844,0.387199
cost_distx: 6.97072e-06,cost_disty: 8.75363e-06,cost_etheta: 3.78297e-07,track traj angle_0
0.103956,0.953408,0.396687
track traj angle_1
0.10393,0.953378,0.396681
track traj angle_2
0.10385,0.95329,0.396662
track traj angle_3
0.103718,0.953142,0.396632
track traj angle_4
0.103534,0.952935,0.396589
track traj angle_5
0.103296,0.952668,0.396533
track traj angle_6
0.103006,0.952343,0.396466
track traj angle_7
0.102662,0.951958,0.396386
track traj angle_8
0.102266,0.951514,0.396293
track traj angle_9
0.101817,0.951011,0.396189
track traj angle_10
0.101316,0.950449,0.396072
track traj angle_11
0.100761,0.949828,0.395943
track traj angle_12
0.100154,0.949148,0.395801
track traj angle_13
0.099494,0.948408,0.395648
track traj angle_14
0.0987812,0.947609,0.395481
track traj angle_15
0.0980155,0.946751,0.395303
track traj angle_16
0.0971971,0.945834,0.395112
track traj angle_17
0.0963258,0.944857,0.394909
track traj angle_18
0.0954017,0.943822,0.394694
track traj angle_19
0.0944248,0.942727,0.394467
track traj angle_20
0.0933952,0.941573,0.394227
track traj angle_21
0.0923127,0.94036,0.393975
track traj angle_22
0.0911787,0.939087,0.39371
track traj angle_23
0.0899945,0.937753,0.393432
track traj angle_24
0.0887605,0.936357,0.393142
track traj angle_25
0.087477,0.9349,0.392839
track traj angle_26
0.0861445,0.933381,0.392523
track traj angle_27
0.0847632,0.931799,0.392194
track traj angle_28
0.0833337,0.930155,0.391851
track traj angle_29
0.0818564,0.928448,0.391496
track traj angle_30
0.0803317,0.926678,0.391127
track traj angle_31
0.07876,0.924844,0.390745
track traj angle_32
0.0771419,0.922947,0.39035
track traj angle_33
0.0754777,0.920985,0.389941
track traj angle_34
0.0737682,0.918959,0.389518
track traj angle_35
0.0720136,0.916867,0.389082
track traj angle_36
0.0702147,0.914711,0.388632
track traj angle_37
0.0683719,0.912488,0.388168
track traj angle_38
0.0664861,0.910199,0.38769
track traj angle_39
0.0645577,0.907844,0.387199
cost_distx: 0.000111532,cost_disty: 0.000140058,cost_etheta: 6.05275e-06,track traj angle_0
0.103956,0.953408,0.396687
track traj angle_1
0.10393,0.953378,0.396681
track traj angle_2
0.10385,0.95329,0.396662
track traj angle_3
0.103718,0.953142,0.396632
track traj angle_4
0.103534,0.952935,0.396589
track traj angle_5
0.103296,0.952668,0.396533
track traj angle_6
0.103006,0.952343,0.396466
track traj angle_7
0.102662,0.951958,0.396386
track traj angle_8
0.102266,0.951514,0.396293
track traj angle_9
0.101817,0.951011,0.396189
track traj angle_10
0.101316,0.950449,0.396072
track traj angle_11
0.100761,0.949828,0.395943
track traj angle_12
0.100154,0.949148,0.395801
track traj angle_13
0.099494,0.948408,0.395648
track traj angle_14
0.0987812,0.947609,0.395481
track traj angle_15
0.0980155,0.946751,0.395303
track traj angle_16
0.0971971,0.945834,0.395112
track traj angle_17
0.0963258,0.944857,0.394909
track traj angle_18
0.0954017,0.943822,0.394694
track traj angle_19
0.0944248,0.942727,0.394467
track traj angle_20
0.0933952,0.941573,0.394227
track traj angle_21
0.0923127,0.94036,0.393975
track traj angle_22
0.0911787,0.939087,0.39371
track traj angle_23
0.0899945,0.937753,0.393432
track traj angle_24
0.0887605,0.936357,0.393142
track traj angle_25
0.087477,0.9349,0.392839
track traj angle_26
0.0861445,0.933381,0.392523
track traj angle_27
0.0847632,0.931799,0.392194
track traj angle_28
0.0833337,0.930155,0.391851
track traj angle_29
0.0818564,0.928448,0.391496
track traj angle_30
0.0803317,0.926678,0.391127
track traj angle_31
0.07876,0.924844,0.390745
track traj angle_32
0.0771419,0.922947,0.39035
track traj angle_33
0.0754777,0.920985,0.389941
track traj angle_34
0.0737682,0.918959,0.389518
track traj angle_35
0.0720136,0.916867,0.389082
track traj angle_36
0.0702147,0.914711,0.388632
track traj angle_37
0.0683719,0.912488,0.388168
track traj angle_38
0.0664861,0.910199,0.38769
track traj angle_39
0.0645577,0.907844,0.387199
cost_distx: 0.000564628,cost_disty: 0.000709044,cost_etheta: 3.06421e-05,track traj angle_0
0.103956,0.953408,0.396687
track traj angle_1
0.10393,0.953378,0.396681
track traj angle_2
0.10385,0.95329,0.396662
track traj angle_3
0.103718,0.953142,0.396632
track traj angle_4
0.103534,0.952935,0.396589
track traj angle_5
0.103296,0.952668,0.396533
track traj angle_6
0.103006,0.952343,0.396466
track traj angle_7
0.102662,0.951958,0.396386
track traj angle_8
0.102266,0.951514,0.396293
track traj angle_9
0.101817,0.951011,0.396189
track traj angle_10
0.101316,0.950449,0.396072
track traj angle_11
0.100761,0.949828,0.395943
track traj angle_12
0.100154,0.949148,0.395801
track traj angle_13
0.099494,0.948408,0.395648
track traj angle_14
0.0987812,0.947609,0.395481
track traj angle_15
0.0980155,0.946751,0.395303
track traj angle_16
0.0971971,0.945834,0.395112
track traj angle_17
0.0963258,0.944857,0.394909
track traj angle_18
0.0954017,0.943822,0.394694
track traj angle_19
0.0944248,0.942727,0.394467
track traj angle_20
0.0933952,0.941573,0.394227
track traj angle_21
0.0923127,0.94036,0.393975
track traj angle_22
0.0911787,0.939087,0.39371
track traj angle_23
0.0899945,0.937753,0.393432
track traj angle_24
0.0887605,0.936357,0.393142
track traj angle_25
0.087477,0.9349,0.392839
track traj angle_26
0.0861445,0.933381,0.392523
track traj angle_27
0.0847632,0.931799,0.392194
track traj angle_28
0.0833337,0.930155,0.391851
track traj angle_29
0.0818564,0.928448,0.391496
track traj angle_30
0.0803317,0.926678,0.391127
track traj angle_31
0.07876,0.924844,0.390745
track traj angle_32
0.0771419,0.922947,0.39035
track traj angle_33
0.0754777,0.920985,0.389941
track traj angle_34
0.0737682,0.918959,0.389518
track traj angle_35
0.0720136,0.916867,0.389082
track traj angle_36
0.0702147,0.914711,0.388632
track traj angle_37
0.0683719,0.912488,0.388168
track traj angle_38
0.0664861,0.910199,0.38769
track traj angle_39
0.0645577,0.907844,0.387199
cost_distx: 0.0017845,cost_disty: 0.00224093,cost_etheta: 9.68441e-05,track traj angle_0
0.103956,0.953408,0.396687
track traj angle_1
0.10393,0.953378,0.396681
track traj angle_2
0.10385,0.95329,0.396662
track traj angle_3
0.103718,0.953142,0.396632
track traj angle_4
0.103534,0.952935,0.396589
track traj angle_5
0.103296,0.952668,0.396533
track traj angle_6
0.103006,0.952343,0.396466
track traj angle_7
0.102662,0.951958,0.396386
track traj angle_8
0.102266,0.951514,0.396293
track traj angle_9
0.101817,0.951011,0.396189
track traj angle_10
0.101316,0.950449,0.396072
track traj angle_11
0.100761,0.949828,0.395943
track traj angle_12
0.100154,0.949148,0.395801
track traj angle_13
0.099494,0.948408,0.395648
track traj angle_14
0.0987812,0.947609,0.395481
track traj angle_15
0.0980155,0.946751,0.395303
track traj angle_16
0.0971971,0.945834,0.395112
track traj angle_17
0.0963258,0.944857,0.394909
track traj angle_18
0.0954017,0.943822,0.394694
track traj angle_19
0.0944248,0.942727,0.394467
track traj angle_20
0.0933952,0.941573,0.394227
track traj angle_21
0.0923127,0.94036,0.393975
track traj angle_22
0.0911787,0.939087,0.39371
track traj angle_23
0.0899945,0.937753,0.393432
track traj angle_24
0.0887605,0.936357,0.393142
track traj angle_25
0.087477,0.9349,0.392839
track traj angle_26
0.0861445,0.933381,0.392523
track traj angle_27
0.0847632,0.931799,0.392194
track traj angle_28
0.0833337,0.930155,0.391851
track traj angle_29
0.0818564,0.928448,0.391496
track traj angle_30
0.0803317,0.926678,0.391127
track traj angle_31
0.07876,0.924844,0.390745
track traj angle_32
0.0771419,0.922947,0.39035
track traj angle_33
0.0754777,0.920985,0.389941
track traj angle_34
0.0737682,0.918959,0.389518
track traj angle_35
0.0720136,0.916867,0.389082
track traj angle_36
0.0702147,0.914711,0.388632
track traj angle_37
0.0683719,0.912488,0.388168
track traj angle_38
0.0664861,0.910199,0.38769
track traj angle_39
0.0645577,0.907844,0.387199
cost_distx: 0.0043567,cost_disty: 0.00547102,cost_etheta: 0.000236436,track traj angle_0
0.103956,0.953408,0.396687
track traj angle_1
0.10393,0.953378,0.396681
track traj angle_2
0.10385,0.95329,0.396662
track traj angle_3
0.103718,0.953142,0.396632
track traj angle_4
0.103534,0.952935,0.396589
track traj angle_5
0.103296,0.952668,0.396533
track traj angle_6
0.103006,0.952343,0.396466
track traj angle_7
0.102662,0.951958,0.396386
track traj angle_8
0.102266,0.951514,0.396293
track traj angle_9
0.101817,0.951011,0.396189
track traj angle_10
0.101316,0.950449,0.396072
track traj angle_11
0.100761,0.949828,0.395943
track traj angle_12
0.100154,0.949148,0.395801
track traj angle_13
0.099494,0.948408,0.395648
track traj angle_14
0.0987812,0.947609,0.395481
track traj angle_15
0.0980155,0.946751,0.395303
track traj angle_16
0.0971971,0.945834,0.395112
track traj angle_17
0.0963258,0.944857,0.394909
track traj angle_18
0.0954017,0.943822,0.394694
track traj angle_19
0.0944248,0.942727,0.394467
track traj angle_20
0.0933952,0.941573,0.394227
track traj angle_21
0.0923127,0.94036,0.393975
track traj angle_22
0.0911787,0.939087,0.39371
track traj angle_23
0.0899945,0.937753,0.393432
track traj angle_24
0.0887605,0.936357,0.393142
track traj angle_25
0.087477,0.9349,0.392839
track traj angle_26
0.0861445,0.933381,0.392523
track traj angle_27
0.0847632,0.931799,0.392194
track traj angle_28
0.0833337,0.930155,0.391851
track traj angle_29
0.0818564,0.928448,0.391496
track traj angle_30
0.0803317,0.926678,0.391127
track traj angle_31
0.07876,0.924844,0.390745
track traj angle_32
0.0771419,0.922947,0.39035
track traj angle_33
0.0754777,0.920985,0.389941
track traj angle_34
0.0737682,0.918959,0.389518
track traj angle_35
0.0720136,0.916867,0.389082
track traj angle_36
0.0702147,0.914711,0.388632
track traj angle_37
0.0683719,0.912488,0.388168
track traj angle_38
0.0664861,0.910199,0.38769
track traj angle_39
0.0645577,0.907844,0.387199
cost_distx: 0.00903405,cost_disty: 0.0113447,cost_etheta: 0.000490273,track traj angle_0
0.103956,0.953408,0.396687
track traj angle_1
0.10393,0.953378,0.396681
track traj angle_2
0.10385,0.95329,0.396662
track traj angle_3
0.103718,0.953142,0.396632
track traj angle_4
0.103534,0.952935,0.396589
track traj angle_5
0.103296,0.952668,0.396533
track traj angle_6
0.103006,0.952343,0.396466
track traj angle_7
0.102662,0.951958,0.396386
track traj angle_8
0.102266,0.951514,0.396293
track traj angle_9
0.101817,0.951011,0.396189
track traj angle_10
0.101316,0.950449,0.396072
track traj angle_11
0.100761,0.949828,0.395943
track traj angle_12
0.100154,0.949148,0.395801
track traj angle_13
0.099494,0.948408,0.395648
track traj angle_14
0.0987812,0.947609,0.395481
track traj angle_15
0.0980155,0.946751,0.395303
track traj angle_16
0.0971971,0.945834,0.395112
track traj angle_17
0.0963258,0.944857,0.394909
track traj angle_18
0.0954017,0.943822,0.394694
track traj angle_19
0.0944248,0.942727,0.394467
track traj angle_20
0.0933952,0.941573,0.394227
track traj angle_21
0.0923127,0.94036,0.393975
track traj angle_22
0.0911787,0.939087,0.39371
track traj angle_23
0.0899945,0.937753,0.393432
track traj angle_24
0.0887605,0.936357,0.393142
track traj angle_25
0.087477,0.9349,0.392839
track traj angle_26
0.0861445,0.933381,0.392523
track traj angle_27
0.0847632,0.931799,0.392194
track traj angle_28
0.0833337,0.930155,0.391851
track traj angle_29
0.0818564,0.928448,0.391496
track traj angle_30
0.0803317,0.926678,0.391127
track traj angle_31
0.07876,0.924844,0.390745
track traj angle_32
0.0771419,0.922947,0.39035
track traj angle_33
0.0754777,0.920985,0.389941
track traj angle_34
0.0737682,0.918959,0.389518
track traj angle_35
0.0720136,0.916867,0.389082
track traj angle_36
0.0702147,0.914711,0.388632
track traj angle_37
0.0683719,0.912488,0.388168
track traj angle_38
0.0664861,0.910199,0.38769
track traj angle_39
0.0645577,0.907844,0.387199
cost_distx: 0.0167367,cost_disty: 0.0210175,cost_etheta: 0.000908292,track traj angle_0
0.103956,0.953408,0.396687
track traj angle_1
0.10393,0.953378,0.396681
track traj angle_2
0.10385,0.95329,0.396662
track traj angle_3
0.103718,0.953142,0.396632
track traj angle_4
0.103534,0.952935,0.396589
track traj angle_5
0.103296,0.952668,0.396533
track traj angle_6
0.103006,0.952343,0.396466
track traj angle_7
0.102662,0.951958,0.396386
track traj angle_8
0.102266,0.951514,0.396293
track traj angle_9
0.101817,0.951011,0.396189
track traj angle_10
0.101316,0.950449,0.396072
track traj angle_11
0.100761,0.949828,0.395943
track traj angle_12
0.100154,0.949148,0.395801
track traj angle_13
0.099494,0.948408,0.395648
track traj angle_14
0.0987812,0.947609,0.395481
track traj angle_15
0.0980155,0.946751,0.395303
track traj angle_16
0.0971971,0.945834,0.395112
track traj angle_17
0.0963258,0.944857,0.394909
track traj angle_18
0.0954017,0.943822,0.394694
track traj angle_19
0.0944248,0.942727,0.394467
track traj angle_20
0.0933952,0.941573,0.394227
track traj angle_21
0.0923127,0.94036,0.393975
track traj angle_22
0.0911787,0.939087,0.39371
track traj angle_23
0.0899945,0.937753,0.393432
track traj angle_24
0.0887605,0.936357,0.393142
track traj angle_25
0.087477,0.9349,0.392839
track traj angle_26
0.0861445,0.933381,0.392523
track traj angle_27
0.0847632,0.931799,0.392194
track traj angle_28
0.0833337,0.930155,0.391851
track traj angle_29
0.0818564,0.928448,0.391496
track traj angle_30
0.0803317,0.926678,0.391127
track traj angle_31
0.07876,0.924844,0.390745
track traj angle_32
0.0771419,0.922947,0.39035
track traj angle_33
0.0754777,0.920985,0.389941
track traj angle_34
0.0737682,0.918959,0.389518
track traj angle_35
0.0720136,0.916867,0.389082
track traj angle_36
0.0702147,0.914711,0.388632
track traj angle_37
0.0683719,0.912488,0.388168
track traj angle_38
0.0664861,0.910199,0.38769
track traj angle_39
0.0645577,0.907844,0.387199
cost_distx: 0.0285521,cost_disty: 0.0358549,cost_etheta: 0.00154951,track traj angle_0
0.103956,0.953408,0.396687
track traj angle_1
0.10393,0.953378,0.396681
track traj angle_2
0.10385,0.95329,0.396662
track traj angle_3
0.103718,0.953142,0.396632
track traj angle_4
0.103534,0.952935,0.396589
track traj angle_5
0.103296,0.952668,0.396533
track traj angle_6
0.103006,0.952343,0.396466
track traj angle_7
0.102662,0.951958,0.396386
track traj angle_8
0.102266,0.951514,0.396293
track traj angle_9
0.101817,0.951011,0.396189
track traj angle_10
0.101316,0.950449,0.396072
track traj angle_11
0.100761,0.949828,0.395943
track traj angle_12
0.100154,0.949148,0.395801
track traj angle_13
0.099494,0.948408,0.395648
track traj angle_14
0.0987812,0.947609,0.395481
track traj angle_15
0.0980155,0.946751,0.395303
track traj angle_16
0.0971971,0.945834,0.395112
track traj angle_17
0.0963258,0.944857,0.394909
track traj angle_18
0.0954017,0.943822,0.394694
track traj angle_19
0.0944248,0.942727,0.394467
track traj angle_20
0.0933952,0.941573,0.394227
track traj angle_21
0.0923127,0.94036,0.393975
track traj angle_22
0.0911787,0.939087,0.39371
track traj angle_23
0.0899945,0.937753,0.393432
track traj angle_24
0.0887605,0.936357,0.393142
track traj angle_25
0.087477,0.9349,0.392839
track traj angle_26
0.0861445,0.933381,0.392523
track traj angle_27
0.0847632,0.931799,0.392194
track traj angle_28
0.0833337,0.930155,0.391851
track traj angle_29
0.0818564,0.928448,0.391496
track traj angle_30
0.0803317,0.926678,0.391127
track traj angle_31
0.07876,0.924844,0.390745
track traj angle_32
0.0771419,0.922947,0.39035
track traj angle_33
0.0754777,0.920985,0.389941
track traj angle_34
0.0737682,0.918959,0.389518
track traj angle_35
0.0720136,0.916867,0.389082
track traj angle_36
0.0702147,0.914711,0.388632
track traj angle_37
0.0683719,0.912488,0.388168
track traj angle_38
0.0664861,0.910199,0.38769
track traj angle_39
0.0645577,0.907844,0.387199
cost_distx: 0.0457349,cost_disty: 0.0574326,cost_etheta: 0.00248201,track traj angle_0
0.103956,0.953408,0.396687
track traj angle_1
0.10393,0.953378,0.396681
track traj angle_2
0.10385,0.95329,0.396662
track traj angle_3
0.103718,0.953142,0.396632
track traj angle_4
0.103534,0.952935,0.396589
track traj angle_5
0.103296,0.952668,0.396533
track traj angle_6
0.103006,0.952343,0.396466
track traj angle_7
0.102662,0.951958,0.396386
track traj angle_8
0.102266,0.951514,0.396293
track traj angle_9
0.101817,0.951011,0.396189
track traj angle_10
0.101316,0.950449,0.396072
track traj angle_11
0.100761,0.949828,0.395943
track traj angle_12
0.100154,0.949148,0.395801
track traj angle_13
0.099494,0.948408,0.395648
track traj angle_14
0.0987812,0.947609,0.395481
track traj angle_15
0.0980155,0.946751,0.395303
track traj angle_16
0.0971971,0.945834,0.395112
track traj angle_17
0.0963258,0.944857,0.394909
track traj angle_18
0.0954017,0.943822,0.394694
track traj angle_19
0.0944248,0.942727,0.394467
track traj angle_20
0.0933952,0.941573,0.394227
track traj angle_21
0.0923127,0.94036,0.393975
track traj angle_22
0.0911787,0.939087,0.39371
track traj angle_23
0.0899945,0.937753,0.393432
track traj angle_24
0.0887605,0.936357,0.393142
track traj angle_25
0.087477,0.9349,0.392839
track traj angle_26
0.0861445,0.933381,0.392523
track traj angle_27
0.0847632,0.931799,0.392194
track traj angle_28
0.0833337,0.930155,0.391851
track traj angle_29
0.0818564,0.928448,0.391496
track traj angle_30
0.0803317,0.926678,0.391127
track traj angle_31
0.07876,0.924844,0.390745
track traj angle_32
0.0771419,0.922947,0.39035
track traj angle_33
0.0754777,0.920985,0.389941
track traj angle_34
0.0737682,0.918959,0.389518
track traj angle_35
0.0720136,0.916867,0.389082
track traj angle_36
0.0702147,0.914711,0.388632
track traj angle_37
0.0683719,0.912488,0.388168
track traj angle_38
0.0664861,0.910199,0.38769
track traj angle_39
0.0645577,0.907844,0.387199
cost_distx: 0.0697072,cost_disty: 0.0875363,cost_etheta: 0.00378297,track traj angle_0
0.103956,0.953408,0.396687
track traj angle_1
0.10393,0.953378,0.396681
track traj angle_2
0.10385,0.95329,0.396662
track traj angle_3
0.103718,0.953142,0.396632
track traj angle_4
0.103534,0.952935,0.396589
track traj angle_5
0.103296,0.952668,0.396533
track traj angle_6
0.103006,0.952343,0.396466
track traj angle_7
0.102662,0.951958,0.396386
track traj angle_8
0.102266,0.951514,0.396293
track traj angle_9
0.101817,0.951011,0.396189
track traj angle_10
0.101316,0.950449,0.396072
track traj angle_11
0.100761,0.949828,0.395943
track traj angle_12
0.100154,0.949148,0.395801
track traj angle_13
0.099494,0.948408,0.395648
track traj angle_14
0.0987812,0.947609,0.395481
track traj angle_15
0.0980155,0.946751,0.395303
track traj angle_16
0.0971971,0.945834,0.395112
track traj angle_17
0.0963258,0.944857,0.394909
track traj angle_18
0.0954017,0.943822,0.394694
track traj angle_19
0.0944248,0.942727,0.394467
track traj angle_20
0.0933952,0.941573,0.394227
track traj angle_21
0.0923127,0.94036,0.393975
track traj angle_22
0.0911787,0.939087,0.39371
track traj angle_23
0.0899945,0.937753,0.393432
track traj angle_24
0.0887605,0.936357,0.393142
track traj angle_25
0.087477,0.9349,0.392839
track traj angle_26
0.0861445,0.933381,0.392523
track traj angle_27
0.0847632,0.931799,0.392194
track traj angle_28
0.0833337,0.930155,0.391851
track traj angle_29
0.0818564,0.928448,0.391496
track traj angle_30
0.0803317,0.926678,0.391127
track traj angle_31
0.07876,0.924844,0.390745
track traj angle_32
0.0771419,0.922947,0.39035
track traj angle_33
0.0754777,0.920985,0.389941
track traj angle_34
0.0737682,0.918959,0.389518
track traj angle_35
0.0720136,0.916867,0.389082
track traj angle_36
0.0702147,0.914711,0.388632
track traj angle_37
0.0683719,0.912488,0.388168
track traj angle_38
0.0664861,0.910199,0.38769
track traj angle_39
0.0645577,0.907844,0.387199
cost_distx: 0.102058,cost_disty: 0.128162,cost_etheta: 0.00553865,track traj angle_0
0.103956,0.953408,0.396687
track traj angle_1
0.10393,0.953378,0.396681
track traj angle_2
0.10385,0.95329,0.396662
track traj angle_3
0.103718,0.953142,0.396632
track traj angle_4
0.103534,0.952935,0.396589
track traj angle_5
0.103296,0.952668,0.396533
track traj angle_6
0.103006,0.952343,0.396466
track traj angle_7
0.102662,0.951958,0.396386
track traj angle_8
0.102266,0.951514,0.396293
track traj angle_9
0.101817,0.951011,0.396189
track traj angle_10
0.101316,0.950449,0.396072
track traj angle_11
0.100761,0.949828,0.395943
track traj angle_12
0.100154,0.949148,0.395801
track traj angle_13
0.099494,0.948408,0.395648
track traj angle_14
0.0987812,0.947609,0.395481
track traj angle_15
0.0980155,0.946751,0.395303
track traj angle_16
0.0971971,0.945834,0.395112
track traj angle_17
0.0963258,0.944857,0.394909
track traj angle_18
0.0954017,0.943822,0.394694
track traj angle_19
0.0944248,0.942727,0.394467
track traj angle_20
0.0933952,0.941573,0.394227
track traj angle_21
0.0923127,0.94036,0.393975
track traj angle_22
0.0911787,0.939087,0.39371
track traj angle_23
0.0899945,0.937753,0.393432
track traj angle_24
0.0887605,0.936357,0.393142
track traj angle_25
0.087477,0.9349,0.392839
track traj angle_26
0.0861445,0.933381,0.392523
track traj angle_27
0.0847632,0.931799,0.392194
track traj angle_28
0.0833337,0.930155,0.391851
track traj angle_29
0.0818564,0.928448,0.391496
track traj angle_30
0.0803317,0.926678,0.391127
track traj angle_31
0.07876,0.924844,0.390745
track traj angle_32
0.0771419,0.922947,0.39035
track traj angle_33
0.0754777,0.920985,0.389941
track traj angle_34
0.0737682,0.918959,0.389518
track traj angle_35
0.0720136,0.916867,0.389082
track traj angle_36
0.0702147,0.914711,0.388632
track traj angle_37
0.0683719,0.912488,0.388168
track traj angle_38
0.0664861,0.910199,0.38769
track traj angle_39
0.0645577,0.907844,0.387199
cost_distx: 0.144545,cost_disty: 0.181515,cost_etheta: 0.00784437,track traj angle_0
0.103956,0.953408,0.396687
track traj angle_1
0.10393,0.953378,0.396681
track traj angle_2
0.10385,0.95329,0.396662
track traj angle_3
0.103718,0.953142,0.396632
track traj angle_4
0.103534,0.952935,0.396589
track traj angle_5
0.103296,0.952668,0.396533
track traj angle_6
0.103006,0.952343,0.396466
track traj angle_7
0.102662,0.951958,0.396386
track traj angle_8
0.102266,0.951514,0.396293
track traj angle_9
0.101817,0.951011,0.396189
track traj angle_10
0.101316,0.950449,0.396072
track traj angle_11
0.100761,0.949828,0.395943
track traj angle_12
0.100154,0.949148,0.395801
track traj angle_13
0.099494,0.948408,0.395648
track traj angle_14
0.0987812,0.947609,0.395481
track traj angle_15
0.0980155,0.946751,0.395303
track traj angle_16
0.0971971,0.945834,0.395112
track traj angle_17
0.0963258,0.944857,0.394909
track traj angle_18
0.0954017,0.943822,0.394694
track traj angle_19
0.0944248,0.942727,0.394467
track traj angle_20
0.0933952,0.941573,0.394227
track traj angle_21
0.0923127,0.94036,0.393975
track traj angle_22
0.0911787,0.939087,0.39371
track traj angle_23
0.0899945,0.937753,0.393432
track traj angle_24
0.0887605,0.936357,0.393142
track traj angle_25
0.087477,0.9349,0.392839
track traj angle_26
0.0861445,0.933381,0.392523
track traj angle_27
0.0847632,0.931799,0.392194
track traj angle_28
0.0833337,0.930155,0.391851
track traj angle_29
0.0818564,0.928448,0.391496
track traj angle_30
0.0803317,0.926678,0.391127
track traj angle_31
0.07876,0.924844,0.390745
track traj angle_32
0.0771419,0.922947,0.39035
track traj angle_33
0.0754777,0.920985,0.389941
track traj angle_34
0.0737682,0.918959,0.389518
track traj angle_35
0.0720136,0.916867,0.389082
track traj angle_36
0.0702147,0.914711,0.388632
track traj angle_37
0.0683719,0.912488,0.388168
track traj angle_38
0.0664861,0.910199,0.38769
track traj angle_39
0.0645577,0.907844,0.387199
cost_distx: 0.199091,cost_disty: 0.250013,cost_etheta: 0.0108045,track traj angle_0
0.103956,0.953408,0.396687
track traj angle_1
0.10393,0.953378,0.396681
track traj angle_2
0.10385,0.95329,0.396662
track traj angle_3
0.103718,0.953142,0.396632
track traj angle_4
0.103534,0.952935,0.396589
track traj angle_5
0.103296,0.952668,0.396533
track traj angle_6
0.103006,0.952343,0.396466
track traj angle_7
0.102662,0.951958,0.396386
track traj angle_8
0.102266,0.951514,0.396293
track traj angle_9
0.101817,0.951011,0.396189
track traj angle_10
0.101316,0.950449,0.396072
track traj angle_11
0.100761,0.949828,0.395943
track traj angle_12
0.100154,0.949148,0.395801
track traj angle_13
0.099494,0.948408,0.395648
track traj angle_14
0.0987812,0.947609,0.395481
track traj angle_15
0.0980155,0.946751,0.395303
track traj angle_16
0.0971971,0.945834,0.395112
track traj angle_17
0.0963258,0.944857,0.394909
track traj angle_18
0.0954017,0.943822,0.394694
track traj angle_19
0.0944248,0.942727,0.394467
track traj angle_20
0.0933952,0.941573,0.394227
track traj angle_21
0.0923127,0.94036,0.393975
track traj angle_22
0.0911787,0.939087,0.39371
track traj angle_23
0.0899945,0.937753,0.393432
track traj angle_24
0.0887605,0.936357,0.393142
track traj angle_25
0.087477,0.9349,0.392839
track traj angle_26
0.0861445,0.933381,0.392523
track traj angle_27
0.0847632,0.931799,0.392194
track traj angle_28
0.0833337,0.930155,0.391851
track traj angle_29
0.0818564,0.928448,0.391496
track traj angle_30
0.0803317,0.926678,0.391127
track traj angle_31
0.07876,0.924844,0.390745
track traj angle_32
0.0771419,0.922947,0.39035
track traj angle_33
0.0754777,0.920985,0.389941
track traj angle_34
0.0737682,0.918959,0.389518
track traj angle_35
0.0720136,0.916867,0.389082
track traj angle_36
0.0702147,0.914711,0.388632
track traj angle_37
0.0683719,0.912488,0.388168
track traj angle_38
0.0664861,0.910199,0.38769
track traj angle_39
0.0645577,0.907844,0.387199
cost_distx: 0.267787,cost_disty: 0.33628,cost_etheta: 0.0145327,track traj angle_0
0.103956,0.953408,0.396687
track traj angle_1
0.10393,0.953378,0.396681
track traj angle_2
0.10385,0.95329,0.396662
track traj angle_3
0.103718,0.953142,0.396632
track traj angle_4
0.103534,0.952935,0.396589
track traj angle_5
0.103296,0.952668,0.396533
track traj angle_6
0.103006,0.952343,0.396466
track traj angle_7
0.102662,0.951958,0.396386
track traj angle_8
0.102266,0.951514,0.396293
track traj angle_9
0.101817,0.951011,0.396189
track traj angle_10
0.101316,0.950449,0.396072
track traj angle_11
0.100761,0.949828,0.395943
track traj angle_12
0.100154,0.949148,0.395801
track traj angle_13
0.099494,0.948408,0.395648
track traj angle_14
0.0987812,0.947609,0.395481
track traj angle_15
0.0980155,0.946751,0.395303
track traj angle_16
0.0971971,0.945834,0.395112
track traj angle_17
0.0963258,0.944857,0.394909
track traj angle_18
0.0954017,0.943822,0.394694
track traj angle_19
0.0944248,0.942727,0.394467
track traj angle_20
0.0933952,0.941573,0.394227
track traj angle_21
0.0923127,0.94036,0.393975
track traj angle_22
0.0911787,0.939087,0.39371
track traj angle_23
0.0899945,0.937753,0.393432
track traj angle_24
0.0887605,0.936357,0.393142
track traj angle_25
0.087477,0.9349,0.392839
track traj angle_26
0.0861445,0.933381,0.392523
track traj angle_27
0.0847632,0.931799,0.392194
track traj angle_28
0.0833337,0.930155,0.391851
track traj angle_29
0.0818564,0.928448,0.391496
track traj angle_30
0.0803317,0.926678,0.391127
track traj angle_31
0.07876,0.924844,0.390745
track traj angle_32
0.0771419,0.922947,0.39035
track traj angle_33
0.0754777,0.920985,0.389941
track traj angle_34
0.0737682,0.918959,0.389518
track traj angle_35
0.0720136,0.916867,0.389082
track traj angle_36
0.0702147,0.914711,0.388632
track traj angle_37
0.0683719,0.912488,0.388168
track traj angle_38
0.0664861,0.910199,0.38769
track traj angle_39
0.0645577,0.907844,0.387199
cost_distx: 0.352893,cost_disty: 0.443153,cost_etheta: 0.0191513,track traj angle_0
0.103956,0.953408,0.396687
track traj angle_1
0.10393,0.953378,0.396681
track traj angle_2
0.10385,0.95329,0.396662
track traj angle_3
0.103718,0.953142,0.396632
track traj angle_4
0.103534,0.952935,0.396589
track traj angle_5
0.103296,0.952668,0.396533
track traj angle_6
0.103006,0.952343,0.396466
track traj angle_7
0.102662,0.951958,0.396386
track traj angle_8
0.102266,0.951514,0.396293
track traj angle_9
0.101817,0.951011,0.396189
track traj angle_10
0.101316,0.950449,0.396072
track traj angle_11
0.100761,0.949828,0.395943
track traj angle_12
0.100154,0.949148,0.395801
track traj angle_13
0.099494,0.948408,0.395648
track traj angle_14
0.0987812,0.947609,0.395481
track traj angle_15
0.0980155,0.946751,0.395303
track traj angle_16
0.0971971,0.945834,0.395112
track traj angle_17
0.0963258,0.944857,0.394909
track traj angle_18
0.0954017,0.943822,0.394694
track traj angle_19
0.0944248,0.942727,0.394467
track traj angle_20
0.0933952,0.941573,0.394227
track traj angle_21
0.0923127,0.94036,0.393975
track traj angle_22
0.0911787,0.939087,0.39371
track traj angle_23
0.0899945,0.937753,0.393432
track traj angle_24
0.0887605,0.936357,0.393142
track traj angle_25
0.087477,0.9349,0.392839
track traj angle_26
0.0861445,0.933381,0.392523
track traj angle_27
0.0847632,0.931799,0.392194
track traj angle_28
0.0833337,0.930155,0.391851
track traj angle_29
0.0818564,0.928448,0.391496
track traj angle_30
0.0803317,0.926678,0.391127
track traj angle_31
0.07876,0.924844,0.390745
track traj angle_32
0.0771419,0.922947,0.39035
track traj angle_33
0.0754777,0.920985,0.389941
track traj angle_34
0.0737682,0.918959,0.389518
track traj angle_35
0.0720136,0.916867,0.389082
track traj angle_36
0.0702147,0.914711,0.388632
track traj angle_37
0.0683719,0.912488,0.388168
track traj angle_38
0.0664861,0.910199,0.38769
track traj angle_39
0.0645577,0.907844,0.387199
cost_distx: 0.456833,cost_disty: 0.573678,cost_etheta: 0.0247921,track traj angle_0
0.103956,0.953408,0.396687
track traj angle_1
0.10393,0.953378,0.396681
track traj angle_2
0.10385,0.95329,0.396662
track traj angle_3
0.103718,0.953142,0.396632
track traj angle_4
0.103534,0.952935,0.396589
track traj angle_5
0.103296,0.952668,0.396533
track traj angle_6
0.103006,0.952343,0.396466
track traj angle_7
0.102662,0.951958,0.396386
track traj angle_8
0.102266,0.951514,0.396293
track traj angle_9
0.101817,0.951011,0.396189
track traj angle_10
0.101316,0.950449,0.396072
track traj angle_11
0.100761,0.949828,0.395943
track traj angle_12
0.100154,0.949148,0.395801
track traj angle_13
0.099494,0.948408,0.395648
track traj angle_14
0.0987812,0.947609,0.395481
track traj angle_15
0.0980155,0.946751,0.395303
track traj angle_16
0.0971971,0.945834,0.395112
track traj angle_17
0.0963258,0.944857,0.394909
track traj angle_18
0.0954017,0.943822,0.394694
track traj angle_19
0.0944248,0.942727,0.394467
track traj angle_20
0.0933952,0.941573,0.394227
track traj angle_21
0.0923127,0.94036,0.393975
track traj angle_22
0.0911787,0.939087,0.39371
track traj angle_23
0.0899945,0.937753,0.393432
track traj angle_24
0.0887605,0.936357,0.393142
track traj angle_25
0.087477,0.9349,0.392839
track traj angle_26
0.0861445,0.933381,0.392523
track traj angle_27
0.0847632,0.931799,0.392194
track traj angle_28
0.0833337,0.930155,0.391851
track traj angle_29
0.0818564,0.928448,0.391496
track traj angle_30
0.0803317,0.926678,0.391127
track traj angle_31
0.07876,0.924844,0.390745
track traj angle_32
0.0771419,0.922947,0.39035
track traj angle_33
0.0754777,0.920985,0.389941
track traj angle_34
0.0737682,0.918959,0.389518
track traj angle_35
0.0720136,0.916867,0.389082
track traj angle_36
0.0702147,0.914711,0.388632
track traj angle_37
0.0683719,0.912488,0.388168
track traj angle_38
0.0664861,0.910199,0.38769
track traj angle_39
0.0645577,0.907844,0.387199
cost_distx: 0.582201,cost_disty: 0.731112,cost_etheta: 0.0315958,track traj angle_0
0.103956,0.953408,0.396687
track traj angle_1
0.10393,0.953378,0.396681
track traj angle_2
0.10385,0.95329,0.396662
track traj angle_3
0.103718,0.953142,0.396632
track traj angle_4
0.103534,0.952935,0.396589
track traj angle_5
0.103296,0.952668,0.396533
track traj angle_6
0.103006,0.952343,0.396466
track traj angle_7
0.102662,0.951958,0.396386
track traj angle_8
0.102266,0.951514,0.396293
track traj angle_9
0.101817,0.951011,0.396189
track traj angle_10
0.101316,0.950449,0.396072
track traj angle_11
0.100761,0.949828,0.395943
track traj angle_12
0.100154,0.949148,0.395801
track traj angle_13
0.099494,0.948408,0.395648
track traj angle_14
0.0987812,0.947609,0.395481
track traj angle_15
0.0980155,0.946751,0.395303
track traj angle_16
0.0971971,0.945834,0.395112
track traj angle_17
0.0963258,0.944857,0.394909
track traj angle_18
0.0954017,0.943822,0.394694
track traj angle_19
0.0944248,0.942727,0.394467
track traj angle_20
0.0933952,0.941573,0.394227
track traj angle_21
0.0923127,0.94036,0.393975
track traj angle_22
0.0911787,0.939087,0.39371
track traj angle_23
0.0899945,0.937753,0.393432
track traj angle_24
0.0887605,0.936357,0.393142
track traj angle_25
0.087477,0.9349,0.392839
track traj angle_26
0.0861445,0.933381,0.392523
track traj angle_27
0.0847632,0.931799,0.392194
track traj angle_28
0.0833337,0.930155,0.391851
track traj angle_29
0.0818564,0.928448,0.391496
track traj angle_30
0.0803317,0.926678,0.391127
track traj angle_31
0.07876,0.924844,0.390745
track traj angle_32
0.0771419,0.922947,0.39035
track traj angle_33
0.0754777,0.920985,0.389941
track traj angle_34
0.0737682,0.918959,0.389518
track traj angle_35
0.0720136,0.916867,0.389082
track traj angle_36
0.0702147,0.914711,0.388632
track traj angle_37
0.0683719,0.912488,0.388168
track traj angle_38
0.0664861,0.910199,0.38769
track traj angle_39
0.0645577,0.907844,0.387199
cost_distx: 0.731758,cost_disty: 0.918922,cost_etheta: 0.0397121,track traj angle_0
0.103956,0.953408,0.396687
track traj angle_1
0.10393,0.953378,0.396681
track traj angle_2
0.10385,0.95329,0.396662
track traj angle_3
0.103718,0.953142,0.396632
track traj angle_4
0.103534,0.952935,0.396589
track traj angle_5
0.103296,0.952668,0.396533
track traj angle_6
0.103006,0.952343,0.396466
track traj angle_7
0.102662,0.951958,0.396386
track traj angle_8
0.102266,0.951514,0.396293
track traj angle_9
0.101817,0.951011,0.396189
track traj angle_10
0.101316,0.950449,0.396072
track traj angle_11
0.100761,0.949828,0.395943
track traj angle_12
0.100154,0.949148,0.395801
track traj angle_13
0.099494,0.948408,0.395648
track traj angle_14
0.0987812,0.947609,0.395481
track traj angle_15
0.0980155,0.946751,0.395303
track traj angle_16
0.0971971,0.945834,0.395112
track traj angle_17
0.0963258,0.944857,0.394909
track traj angle_18
0.0954017,0.943822,0.394694
track traj angle_19
0.0944248,0.942727,0.394467
track traj angle_20
0.0933952,0.941573,0.394227
track traj angle_21
0.0923127,0.94036,0.393975
track traj angle_22
0.0911787,0.939087,0.39371
track traj angle_23
0.0899945,0.937753,0.393432
track traj angle_24
0.0887605,0.936357,0.393142
track traj angle_25
0.087477,0.9349,0.392839
track traj angle_26
0.0861445,0.933381,0.392523
track traj angle_27
0.0847632,0.931799,0.392194
track traj angle_28
0.0833337,0.930155,0.391851
track traj angle_29
0.0818564,0.928448,0.391496
track traj angle_30
0.0803317,0.926678,0.391127
track traj angle_31
0.07876,0.924844,0.390745
track traj angle_32
0.0771419,0.922947,0.39035
track traj angle_33
0.0754777,0.920985,0.389941
track traj angle_34
0.0737682,0.918959,0.389518
track traj angle_35
0.0720136,0.916867,0.389082
track traj angle_36
0.0702147,0.914711,0.388632
track traj angle_37
0.0683719,0.912488,0.388168
track traj angle_38
0.0664861,0.910199,0.38769
track traj angle_39
0.0645577,0.907844,0.387199
cost_distx: 0.908431,cost_disty: 1.14078,cost_etheta: 0.0493001,track traj angle_0
0.103956,0.953408,0.396687
track traj angle_1
0.10393,0.953378,0.396681
track traj angle_2
0.10385,0.95329,0.396662
track traj angle_3
0.103718,0.953142,0.396632
track traj angle_4
0.103534,0.952935,0.396589
track traj angle_5
0.103296,0.952668,0.396533
track traj angle_6
0.103006,0.952343,0.396466
track traj angle_7
0.102662,0.951958,0.396386
track traj angle_8
0.102266,0.951514,0.396293
track traj angle_9
0.101817,0.951011,0.396189
track traj angle_10
0.101316,0.950449,0.396072
track traj angle_11
0.100761,0.949828,0.395943
track traj angle_12
0.100154,0.949148,0.395801
track traj angle_13
0.099494,0.948408,0.395648
track traj angle_14
0.0987812,0.947609,0.395481
track traj angle_15
0.0980155,0.946751,0.395303
track traj angle_16
0.0971971,0.945834,0.395112
track traj angle_17
0.0963258,0.944857,0.394909
track traj angle_18
0.0954017,0.943822,0.394694
track traj angle_19
0.0944248,0.942727,0.394467
track traj angle_20
0.0933952,0.941573,0.394227
track traj angle_21
0.0923127,0.94036,0.393975
track traj angle_22
0.0911787,0.939087,0.39371
track traj angle_23
0.0899945,0.937753,0.393432
track traj angle_24
0.0887605,0.936357,0.393142
track traj angle_25
0.087477,0.9349,0.392839
track traj angle_26
0.0861445,0.933381,0.392523
track traj angle_27
0.0847632,0.931799,0.392194
track traj angle_28
0.0833337,0.930155,0.391851
track traj angle_29
0.0818564,0.928448,0.391496
track traj angle_30
0.0803317,0.926678,0.391127
track traj angle_31
0.07876,0.924844,0.390745
track traj angle_32
0.0771419,0.922947,0.39035
track traj angle_33
0.0754777,0.920985,0.389941
track traj angle_34
0.0737682,0.918959,0.389518
track traj angle_35
0.0720136,0.916867,0.389082
track traj angle_36
0.0702147,0.914711,0.388632
track traj angle_37
0.0683719,0.912488,0.388168
track traj angle_38
0.0664861,0.910199,0.38769
track traj angle_39
0.0645577,0.907844,0.387199
cost_distx: 1.11532,cost_disty: 1.40058,cost_etheta: 0.0605275,track traj angle_0
0.103956,0.953408,0.396687
track traj angle_1
0.10393,0.953378,0.396681
track traj angle_2
0.10385,0.95329,0.396662
track traj angle_3
0.103718,0.953142,0.396632
track traj angle_4
0.103534,0.952935,0.396589
track traj angle_5
0.103296,0.952668,0.396533
track traj angle_6
0.103006,0.952343,0.396466
track traj angle_7
0.102662,0.951958,0.396386
track traj angle_8
0.102266,0.951514,0.396293
track traj angle_9
0.101817,0.951011,0.396189
track traj angle_10
0.101316,0.950449,0.396072
track traj angle_11
0.100761,0.949828,0.395943
track traj angle_12
0.100154,0.949148,0.395801
track traj angle_13
0.099494,0.948408,0.395648
track traj angle_14
0.0987812,0.947609,0.395481
track traj angle_15
0.0980155,0.946751,0.395303
track traj angle_16
0.0971971,0.945834,0.395112
track traj angle_17
0.0963258,0.944857,0.394909
track traj angle_18
0.0954017,0.943822,0.394694
track traj angle_19
0.0944248,0.942727,0.394467
track traj angle_20
0.0933952,0.941573,0.394227
track traj angle_21
0.0923127,0.94036,0.393975
track traj angle_22
0.0911787,0.939087,0.39371
track traj angle_23
0.0899945,0.937753,0.393432
track traj angle_24
0.0887605,0.936357,0.393142
track traj angle_25
0.087477,0.9349,0.392839
track traj angle_26
0.0861445,0.933381,0.392523
track traj angle_27
0.0847632,0.931799,0.392194
track traj angle_28
0.0833337,0.930155,0.391851
track traj angle_29
0.0818564,0.928448,0.391496
track traj angle_30
0.0803317,0.926678,0.391127
track traj angle_31
0.07876,0.924844,0.390745
track traj angle_32
0.0771419,0.922947,0.39035
track traj angle_33
0.0754777,0.920985,0.389941
track traj angle_34
0.0737682,0.918959,0.389518
track traj angle_35
0.0720136,0.916867,0.389082
track traj angle_36
0.0702147,0.914711,0.388632
track traj angle_37
0.0683719,0.912488,0.388168
track traj angle_38
0.0664861,0.910199,0.38769
track traj angle_39
0.0645577,0.907844,0.387199
cost_distx: 1.35567,cost_disty: 1.70242,cost_etheta: 0.0735716,track traj angle_0
0.103956,0.953408,0.396687
track traj angle_1
0.10393,0.953378,0.396681
track traj angle_2
0.10385,0.95329,0.396662
track traj angle_3
0.103718,0.953142,0.396632
track traj angle_4
0.103534,0.952935,0.396589
track traj angle_5
0.103296,0.952668,0.396533
track traj angle_6
0.103006,0.952343,0.396466
track traj angle_7
0.102662,0.951958,0.396386
track traj angle_8
0.102266,0.951514,0.396293
track traj angle_9
0.101817,0.951011,0.396189
track traj angle_10
0.101316,0.950449,0.396072
track traj angle_11
0.100761,0.949828,0.395943
track traj angle_12
0.100154,0.949148,0.395801
track traj angle_13
0.099494,0.948408,0.395648
track traj angle_14
0.0987812,0.947609,0.395481
track traj angle_15
0.0980155,0.946751,0.395303
track traj angle_16
0.0971971,0.945834,0.395112
track traj angle_17
0.0963258,0.944857,0.394909
track traj angle_18
0.0954017,0.943822,0.394694
track traj angle_19
0.0944248,0.942727,0.394467
track traj angle_20
0.0933952,0.941573,0.394227
track traj angle_21
0.0923127,0.94036,0.393975
track traj angle_22
0.0911787,0.939087,0.39371
track traj angle_23
0.0899945,0.937753,0.393432
track traj angle_24
0.0887605,0.936357,0.393142
track traj angle_25
0.087477,0.9349,0.392839
track traj angle_26
0.0861445,0.933381,0.392523
track traj angle_27
0.0847632,0.931799,0.392194
track traj angle_28
0.0833337,0.930155,0.391851
track traj angle_29
0.0818564,0.928448,0.391496
track traj angle_30
0.0803317,0.926678,0.391127
track traj angle_31
0.07876,0.924844,0.390745
track traj angle_32
0.0771419,0.922947,0.39035
track traj angle_33
0.0754777,0.920985,0.389941
track traj angle_34
0.0737682,0.918959,0.389518
track traj angle_35
0.0720136,0.916867,0.389082
track traj angle_36
0.0702147,0.914711,0.388632
track traj angle_37
0.0683719,0.912488,0.388168
track traj angle_38
0.0664861,0.910199,0.38769
track traj angle_39
0.0645577,0.907844,0.387199
cost_distx: 1.6326,cost_disty: 2.05086,cost_etheta: 0.0886318,track traj angle_0
0.103956,0.953408,0.396687
track traj angle_1
0.10393,0.953378,0.396681
track traj angle_2
0.10385,0.95329,0.396662
track traj angle_3
0.103718,0.953142,0.396632
track traj angle_4
0.103534,0.952935,0.396589
track traj angle_5
0.103296,0.952668,0.396533
track traj angle_6
0.103006,0.952343,0.396466
track traj angle_7
0.102662,0.951958,0.396386
track traj angle_8
0.102266,0.951514,0.396293
track traj angle_9
0.101817,0.951011,0.396189
track traj angle_10
0.101316,0.950449,0.396072
track traj angle_11
0.100761,0.949828,0.395943
track traj angle_12
0.100154,0.949148,0.395801
track traj angle_13
0.099494,0.948408,0.395648
track traj angle_14
0.0987812,0.947609,0.395481
track traj angle_15
0.0980155,0.946751,0.395303
track traj angle_16
0.0971971,0.945834,0.395112
track traj angle_17
0.0963258,0.944857,0.394909
track traj angle_18
0.0954017,0.943822,0.394694
track traj angle_19
0.0944248,0.942727,0.394467
track traj angle_20
0.0933952,0.941573,0.394227
track traj angle_21
0.0923127,0.94036,0.393975
track traj angle_22
0.0911787,0.939087,0.39371
track traj angle_23
0.0899945,0.937753,0.393432
track traj angle_24
0.0887605,0.936357,0.393142
track traj angle_25
0.087477,0.9349,0.392839
track traj angle_26
0.0861445,0.933381,0.392523
track traj angle_27
0.0847632,0.931799,0.392194
track traj angle_28
0.0833337,0.930155,0.391851
track traj angle_29
0.0818564,0.928448,0.391496
track traj angle_30
0.0803317,0.926678,0.391127
track traj angle_31
0.07876,0.924844,0.390745
track traj angle_32
0.0771419,0.922947,0.39035
track traj angle_33
0.0754777,0.920985,0.389941
track traj angle_34
0.0737682,0.918959,0.389518
track traj angle_35
0.0720136,0.916867,0.389082
track traj angle_36
0.0702147,0.914711,0.388632
track traj angle_37
0.0683719,0.912488,0.388168
track traj angle_38
0.0664861,0.910199,0.38769
track traj angle_39
0.0645577,0.907844,0.387199
cost_distx: 1.94924,cost_disty: 2.45083,cost_etheta: 0.105923,track traj angle_0
0.103956,0.953408,0.396687
track traj angle_1
0.10393,0.953378,0.396681
track traj angle_2
0.10385,0.95329,0.396662
track traj angle_3
0.103718,0.953142,0.396632
track traj angle_4
0.103534,0.952935,0.396589
track traj angle_5
0.103296,0.952668,0.396533
track traj angle_6
0.103006,0.952343,0.396466
track traj angle_7
0.102662,0.951958,0.396386
track traj angle_8
0.102266,0.951514,0.396293
track traj angle_9
0.101817,0.951011,0.396189
track traj angle_10
0.101316,0.950449,0.396072
track traj angle_11
0.100761,0.949828,0.395943
track traj angle_12
0.100154,0.949148,0.395801
track traj angle_13
0.099494,0.948408,0.395648
track traj angle_14
0.0987812,0.947609,0.395481
track traj angle_15
0.0980155,0.946751,0.395303
track traj angle_16
0.0971971,0.945834,0.395112
track traj angle_17
0.0963258,0.944857,0.394909
track traj angle_18
0.0954017,0.943822,0.394694
track traj angle_19
0.0944248,0.942727,0.394467
track traj angle_20
0.0933952,0.941573,0.394227
track traj angle_21
0.0923127,0.94036,0.393975
track traj angle_22
0.0911787,0.939087,0.39371
track traj angle_23
0.0899945,0.937753,0.393432
track traj angle_24
0.0887605,0.936357,0.393142
track traj angle_25
0.087477,0.9349,0.392839
track traj angle_26
0.0861445,0.933381,0.392523
track traj angle_27
0.0847632,0.931799,0.392194
track traj angle_28
0.0833337,0.930155,0.391851
track traj angle_29
0.0818564,0.928448,0.391496
track traj angle_30
0.0803317,0.926678,0.391127
track traj angle_31
0.07876,0.924844,0.390745
track traj angle_32
0.0771419,0.922947,0.39035
track traj angle_33
0.0754777,0.920985,0.389941
track traj angle_34
0.0737682,0.918959,0.389518
track traj angle_35
0.0720136,0.916867,0.389082
track traj angle_36
0.0702147,0.914711,0.388632
track traj angle_37
0.0683719,0.912488,0.388168
track traj angle_38
0.0664861,0.910199,0.38769
track traj angle_39
0.0645577,0.907844,0.387199
cost_distx: 2.30904,cost_disty: 2.9073,cost_etheta: 0.125661,track traj angle_0
0.103956,0.953408,0.396687
track traj angle_1
0.10393,0.953378,0.396681
track traj angle_2
0.10385,0.95329,0.396662
track traj angle_3
0.103718,0.953142,0.396632
track traj angle_4
0.103534,0.952935,0.396589
track traj angle_5
0.103296,0.952668,0.396533
track traj angle_6
0.103006,0.952343,0.396466
track traj angle_7
0.102662,0.951958,0.396386
track traj angle_8
0.102266,0.951514,0.396293
track traj angle_9
0.101817,0.951011,0.396189
track traj angle_10
0.101316,0.950449,0.396072
track traj angle_11
0.100761,0.949828,0.395943
track traj angle_12
0.100154,0.949148,0.395801
track traj angle_13
0.099494,0.948408,0.395648
track traj angle_14
0.0987812,0.947609,0.395481
track traj angle_15
0.0980155,0.946751,0.395303
track traj angle_16
0.0971971,0.945834,0.395112
track traj angle_17
0.0963258,0.944857,0.394909
track traj angle_18
0.0954017,0.943822,0.394694
track traj angle_19
0.0944248,0.942727,0.394467
track traj angle_20
0.0933952,0.941573,0.394227
track traj angle_21
0.0923127,0.94036,0.393975
track traj angle_22
0.0911787,0.939087,0.39371
track traj angle_23
0.0899945,0.937753,0.393432
track traj angle_24
0.0887605,0.936357,0.393142
track traj angle_25
0.087477,0.9349,0.392839
track traj angle_26
0.0861445,0.933381,0.392523
track traj angle_27
0.0847632,0.931799,0.392194
track traj angle_28
0.0833337,0.930155,0.391851
track traj angle_29
0.0818564,0.928448,0.391496
track traj angle_30
0.0803317,0.926678,0.391127
track traj angle_31
0.07876,0.924844,0.390745
track traj angle_32
0.0771419,0.922947,0.39035
track traj angle_33
0.0754777,0.920985,0.389941
track traj angle_34
0.0737682,0.918959,0.389518
track traj angle_35
0.0720136,0.916867,0.389082
track traj angle_36
0.0702147,0.914711,0.388632
track traj angle_37
0.0683719,0.912488,0.388168
track traj angle_38
0.0664861,0.910199,0.38769
track traj angle_39
0.0645577,0.907844,0.387199
cost_distx: 2.71557,cost_disty: 3.42552,cost_etheta: 0.148075,track traj angle_0
0.103956,0.953408,0.396687
track traj angle_1
0.10393,0.953378,0.396681
track traj angle_2
0.10385,0.95329,0.396662
track traj angle_3
0.103718,0.953142,0.396632
track traj angle_4
0.103534,0.952935,0.396589
track traj angle_5
0.103296,0.952668,0.396533
track traj angle_6
0.103006,0.952343,0.396466
track traj angle_7
0.102662,0.951958,0.396386
track traj angle_8
0.102266,0.951514,0.396293
track traj angle_9
0.101817,0.951011,0.396189
track traj angle_10
0.101316,0.950449,0.396072
track traj angle_11
0.100761,0.949828,0.395943
track traj angle_12
0.100154,0.949148,0.395801
track traj angle_13
0.099494,0.948408,0.395648
track traj angle_14
0.0987812,0.947609,0.395481
track traj angle_15
0.0980155,0.946751,0.395303
track traj angle_16
0.0971971,0.945834,0.395112
track traj angle_17
0.0963258,0.944857,0.394909
track traj angle_18
0.0954017,0.943822,0.394694
track traj angle_19
0.0944248,0.942727,0.394467
track traj angle_20
0.0933952,0.941573,0.394227
track traj angle_21
0.0923127,0.94036,0.393975
track traj angle_22
0.0911787,0.939087,0.39371
track traj angle_23
0.0899945,0.937753,0.393432
track traj angle_24
0.0887605,0.936357,0.393142
track traj angle_25
0.087477,0.9349,0.392839
track traj angle_26
0.0861445,0.933381,0.392523
track traj angle_27
0.0847632,0.931799,0.392194
track traj angle_28
0.0833337,0.930155,0.391851
track traj angle_29
0.0818564,0.928448,0.391496
track traj angle_30
0.0803317,0.926678,0.391127
track traj angle_31
0.07876,0.924844,0.390745
track traj angle_32
0.0771419,0.922947,0.39035
track traj angle_33
0.0754777,0.920985,0.389941
track traj angle_34
0.0737682,0.918959,0.389518
track traj angle_35
0.0720136,0.916867,0.389082
track traj angle_36
0.0702147,0.914711,0.388632
track traj angle_37
0.0683719,0.912488,0.388168
track traj angle_38
0.0664861,0.910199,0.38769
track traj angle_39
0.0645577,0.907844,0.387199
cost_distx: 3.17251,cost_disty: 4.01098,cost_etheta: 0.173405,track traj angle_0
0.103956,0.953408,0.396687
track traj angle_1
0.10393,0.953378,0.396681
track traj angle_2
0.10385,0.95329,0.396662
track traj angle_3
0.103718,0.953142,0.396632
track traj angle_4
0.103534,0.952935,0.396589
track traj angle_5
0.103296,0.952668,0.396533
track traj angle_6
0.103006,0.952343,0.396466
track traj angle_7
0.102662,0.951958,0.396386
track traj angle_8
0.102266,0.951514,0.396293
track traj angle_9
0.101817,0.951011,0.396189
track traj angle_10
0.101316,0.950449,0.396072
track traj angle_11
0.100761,0.949828,0.395943
track traj angle_12
0.100154,0.949148,0.395801
track traj angle_13
0.099494,0.948408,0.395648
track traj angle_14
0.0987812,0.947609,0.395481
track traj angle_15
0.0980155,0.946751,0.395303
track traj angle_16
0.0971971,0.945834,0.395112
track traj angle_17
0.0963258,0.944857,0.394909
track traj angle_18
0.0954017,0.943822,0.394694
track traj angle_19
0.0944248,0.942727,0.394467
track traj angle_20
0.0933952,0.941573,0.394227
track traj angle_21
0.0923127,0.94036,0.393975
track traj angle_22
0.0911787,0.939087,0.39371
track traj angle_23
0.0899945,0.937753,0.393432
track traj angle_24
0.0887605,0.936357,0.393142
track traj angle_25
0.087477,0.9349,0.392839
track traj angle_26
0.0861445,0.933381,0.392523
track traj angle_27
0.0847632,0.931799,0.392194
track traj angle_28
0.0833337,0.930155,0.391851
track traj angle_29
0.0818564,0.928448,0.391496
track traj angle_30
0.0803317,0.926678,0.391127
track traj angle_31
0.07876,0.924844,0.390745
track traj angle_32
0.0771419,0.922947,0.39035
track traj angle_33
0.0754777,0.920985,0.389941
track traj angle_34
0.0737682,0.918959,0.389518
track traj angle_35
0.0720136,0.916867,0.389082
track traj angle_36
0.0702147,0.914711,0.388632
track traj angle_37
0.0683719,0.912488,0.388168
track traj angle_38
0.0664861,0.910199,0.38769
track traj angle_39
0.0645577,0.907844,0.387199
cost_distx: 3.68362,cost_disty: 4.66947,cost_etheta: 0.201903,track traj angle_0
0.103956,0.953408,0.396687
track traj angle_1
0.10393,0.953378,0.396681
track traj angle_2
0.10385,0.95329,0.396662
track traj angle_3
0.103718,0.953142,0.396632
track traj angle_4
0.103534,0.952935,0.396589
track traj angle_5
0.103296,0.952668,0.396533
track traj angle_6
0.103006,0.952343,0.396466
track traj angle_7
0.102662,0.951958,0.396386
track traj angle_8
0.102266,0.951514,0.396293
track traj angle_9
0.101817,0.951011,0.396189
track traj angle_10
0.101316,0.950449,0.396072
track traj angle_11
0.100761,0.949828,0.395943
track traj angle_12
0.100154,0.949148,0.395801
track traj angle_13
0.099494,0.948408,0.395648
track traj angle_14
0.0987812,0.947609,0.395481
track traj angle_15
0.0980155,0.946751,0.395303
track traj angle_16
0.0971971,0.945834,0.395112
track traj angle_17
0.0963258,0.944857,0.394909
track traj angle_18
0.0954017,0.943822,0.394694
track traj angle_19
0.0944248,0.942727,0.394467
track traj angle_20
0.0933952,0.941573,0.394227
track traj angle_21
0.0923127,0.94036,0.393975
track traj angle_22
0.0911787,0.939087,0.39371
track traj angle_23
0.0899945,0.937753,0.393432
track traj angle_24
0.0887605,0.936357,0.393142
track traj angle_25
0.087477,0.9349,0.392839
track traj angle_26
0.0861445,0.933381,0.392523
track traj angle_27
0.0847632,0.931799,0.392194
track traj angle_28
0.0833337,0.930155,0.391851
track traj angle_29
0.0818564,0.928448,0.391496
track traj angle_30
0.0803317,0.926678,0.391127
track traj angle_31
0.07876,0.924844,0.390745
track traj angle_32
0.0771419,0.922947,0.39035
track traj angle_33
0.0754777,0.920985,0.389941
track traj angle_34
0.0737682,0.918959,0.389518
track traj angle_35
0.0720136,0.916867,0.389082
track traj angle_36
0.0702147,0.914711,0.388632
track traj angle_37
0.0683719,0.912488,0.388168
track traj angle_38
0.0664861,0.910199,0.38769
track traj angle_39
0.0645577,0.907844,0.387199
cost_distx: 4.25278,cost_disty: 5.40702,cost_etheta: 0.233833,track traj angle_0
0.103956,0.953408,0.396687
track traj angle_1
0.10393,0.953378,0.396681
track traj angle_2
0.10385,0.95329,0.396662
track traj angle_3
0.103718,0.953142,0.396632
track traj angle_4
0.103534,0.952935,0.396589
track traj angle_5
0.103296,0.952668,0.396533
track traj angle_6
0.103006,0.952343,0.396466
track traj angle_7
0.102662,0.951958,0.396386
track traj angle_8
0.102266,0.951514,0.396293
track traj angle_9
0.101817,0.951011,0.396189
track traj angle_10
0.101316,0.950449,0.396072
track traj angle_11
0.100761,0.949828,0.395943
track traj angle_12
0.100154,0.949148,0.395801
track traj angle_13
0.099494,0.948408,0.395648
track traj angle_14
0.0987812,0.947609,0.395481
track traj angle_15
0.0980155,0.946751,0.395303
track traj angle_16
0.0971971,0.945834,0.395112
track traj angle_17
0.0963258,0.944857,0.394909
track traj angle_18
0.0954017,0.943822,0.394694
track traj angle_19
0.0944248,0.942727,0.394467
track traj angle_20
0.0933952,0.941573,0.394227
track traj angle_21
0.0923127,0.94036,0.393975
track traj angle_22
0.0911787,0.939087,0.39371
track traj angle_23
0.0899945,0.937753,0.393432
track traj angle_24
0.0887605,0.936357,0.393142
track traj angle_25
0.087477,0.9349,0.392839
track traj angle_26
0.0861445,0.933381,0.392523
track traj angle_27
0.0847632,0.931799,0.392194
track traj angle_28
0.0833337,0.930155,0.391851
track traj angle_29
0.0818564,0.928448,0.391496
track traj angle_30
0.0803317,0.926678,0.391127
track traj angle_31
0.07876,0.924844,0.390745
track traj angle_32
0.0771419,0.922947,0.39035
track traj angle_33
0.0754777,0.920985,0.389941
track traj angle_34
0.0737682,0.918959,0.389518
track traj angle_35
0.0720136,0.916867,0.389082
track traj angle_36
0.0702147,0.914711,0.388632
track traj angle_37
0.0683719,0.912488,0.388168
track traj angle_38
0.0664861,0.910199,0.38769
track traj angle_39
0.0645577,0.907844,0.387199
cost_distx: 4.88392,cost_disty: 6.22997,cost_etheta: 0.269473,track traj angle_0
0.103956,0.953408,0.396687
track traj angle_1
0.10393,0.953378,0.396681
track traj angle_2
0.10385,0.95329,0.396662
track traj angle_3
0.103718,0.953142,0.396632
track traj angle_4
0.103534,0.952935,0.396589
track traj angle_5
0.103296,0.952668,0.396533
track traj angle_6
0.103006,0.952343,0.396466
track traj angle_7
0.102662,0.951958,0.396386
track traj angle_8
0.102266,0.951514,0.396293
track traj angle_9
0.101817,0.951011,0.396189
track traj angle_10
0.101316,0.950449,0.396072
track traj angle_11
0.100761,0.949828,0.395943
track traj angle_12
0.100154,0.949148,0.395801
track traj angle_13
0.099494,0.948408,0.395648
track traj angle_14
0.0987812,0.947609,0.395481
track traj angle_15
0.0980155,0.946751,0.395303
track traj angle_16
0.0971971,0.945834,0.395112
track traj angle_17
0.0963258,0.944857,0.394909
track traj angle_18
0.0954017,0.943822,0.394694
track traj angle_19
0.0944248,0.942727,0.394467
track traj angle_20
0.0933952,0.941573,0.394227
track traj angle_21
0.0923127,0.94036,0.393975
track traj angle_22
0.0911787,0.939087,0.39371
track traj angle_23
0.0899945,0.937753,0.393432
track traj angle_24
0.0887605,0.936357,0.393142
track traj angle_25
0.087477,0.9349,0.392839
track traj angle_26
0.0861445,0.933381,0.392523
track traj angle_27
0.0847632,0.931799,0.392194
track traj angle_28
0.0833337,0.930155,0.391851
track traj angle_29
0.0818564,0.928448,0.391496
track traj angle_30
0.0803317,0.926678,0.391127
track traj angle_31
0.07876,0.924844,0.390745
track traj angle_32
0.0771419,0.922947,0.39035
track traj angle_33
0.0754777,0.920985,0.389941
track traj angle_34
0.0737682,0.918959,0.389518
track traj angle_35
0.0720136,0.916867,0.389082
track traj angle_36
0.0702147,0.914711,0.388632
track traj angle_37
0.0683719,0.912488,0.388168
track traj angle_38
0.0664861,0.910199,0.38769
track traj angle_39
0.0645577,0.907844,0.387199
cost_distx: 5.58109,cost_disty: 7.14494,cost_etheta: 0.309111,track traj angle_0
0.103956,0.953408,0.396687
track traj angle_1
0.10393,0.953378,0.396681
track traj angle_2
0.10385,0.95329,0.396662
track traj angle_3
0.103718,0.953142,0.396632
track traj angle_4
0.103534,0.952935,0.396589
track traj angle_5
0.103296,0.952668,0.396533
track traj angle_6
0.103006,0.952343,0.396466
track traj angle_7
0.102662,0.951958,0.396386
track traj angle_8
0.102266,0.951514,0.396293
track traj angle_9
0.101817,0.951011,0.396189
track traj angle_10
0.101316,0.950449,0.396072
track traj angle_11
0.100761,0.949828,0.395943
track traj angle_12
0.100154,0.949148,0.395801
track traj angle_13
0.099494,0.948408,0.395648
track traj angle_14
0.0987812,0.947609,0.395481
track traj angle_15
0.0980155,0.946751,0.395303
track traj angle_16
0.0971971,0.945834,0.395112
track traj angle_17
0.0963258,0.944857,0.394909
track traj angle_18
0.0954017,0.943822,0.394694
track traj angle_19
0.0944248,0.942727,0.394467
track traj angle_20
0.0933952,0.941573,0.394227
track traj angle_21
0.0923127,0.94036,0.393975
track traj angle_22
0.0911787,0.939087,0.39371
track traj angle_23
0.0899945,0.937753,0.393432
track traj angle_24
0.0887605,0.936357,0.393142
track traj angle_25
0.087477,0.9349,0.392839
track traj angle_26
0.0861445,0.933381,0.392523
track traj angle_27
0.0847632,0.931799,0.392194
track traj angle_28
0.0833337,0.930155,0.391851
track traj angle_29
0.0818564,0.928448,0.391496
track traj angle_30
0.0803317,0.926678,0.391127
track traj angle_31
0.07876,0.924844,0.390745
track traj angle_32
0.0771419,0.922947,0.39035
track traj angle_33
0.0754777,0.920985,0.389941
track traj angle_34
0.0737682,0.918959,0.389518
track traj angle_35
0.0720136,0.916867,0.389082
track traj angle_36
0.0702147,0.914711,0.388632
track traj angle_37
0.0683719,0.912488,0.388168
track traj angle_38
0.0664861,0.910199,0.38769
track traj angle_39
0.0645577,0.907844,0.387199
cost_distx: 6.34839,cost_disty: 8.15882,cost_etheta: 0.353051,track traj angle_0
0.103956,0.953408,0.396687
track traj angle_1
0.10393,0.953378,0.396681
track traj angle_2
0.10385,0.95329,0.396662
track traj angle_3
0.103718,0.953142,0.396632
track traj angle_4
0.103534,0.952935,0.396589
track traj angle_5
0.103296,0.952668,0.396533
track traj angle_6
0.103006,0.952343,0.396466
track traj angle_7
0.102662,0.951958,0.396386
track traj angle_8
0.102266,0.951514,0.396293
track traj angle_9
0.101817,0.951011,0.396189
track traj angle_10
0.101316,0.950449,0.396072
track traj angle_11
0.100761,0.949828,0.395943
track traj angle_12
0.100154,0.949148,0.395801
track traj angle_13
0.099494,0.948408,0.395648
track traj angle_14
0.0987812,0.947609,0.395481
track traj angle_15
0.0980155,0.946751,0.395303
track traj angle_16
0.0971971,0.945834,0.395112
track traj angle_17
0.0963258,0.944857,0.394909
track traj angle_18
0.0954017,0.943822,0.394694
track traj angle_19
0.0944248,0.942727,0.394467
track traj angle_20
0.0933952,0.941573,0.394227
track traj angle_21
0.0923127,0.94036,0.393975
track traj angle_22
0.0911787,0.939087,0.39371
track traj angle_23
0.0899945,0.937753,0.393432
track traj angle_24
0.0887605,0.936357,0.393142
track traj angle_25
0.087477,0.9349,0.392839
track traj angle_26
0.0861445,0.933381,0.392523
track traj angle_27
0.0847632,0.931799,0.392194
track traj angle_28
0.0833337,0.930155,0.391851
track traj angle_29
0.0818564,0.928448,0.391496
track traj angle_30
0.0803317,0.926678,0.391127
track traj angle_31
0.07876,0.924844,0.390745
track traj angle_32
0.0771419,0.922947,0.39035
track traj angle_33
0.0754777,0.920985,0.389941
track traj angle_34
0.0737682,0.918959,0.389518
track traj angle_35
0.0720136,0.916867,0.389082
track traj angle_36
0.0702147,0.914711,0.388632
track traj angle_37
0.0683719,0.912488,0.388168
track traj angle_38
0.0664861,0.910199,0.38769
track traj angle_39
0.0645577,0.907844,0.387199
cost_distx: 7.18998,cost_disty: 9.27882,cost_etheta: 0.401609,track traj angle_0
0.103956,0.953408,0.396687
track traj angle_1
0.10393,0.953378,0.396681
track traj angle_2
0.10385,0.95329,0.396662
track traj angle_3
0.103718,0.953142,0.396632
track traj angle_4
0.103534,0.952935,0.396589
track traj angle_5
0.103296,0.952668,0.396533
track traj angle_6
0.103006,0.952343,0.396466
track traj angle_7
0.102662,0.951958,0.396386
track traj angle_8
0.102266,0.951514,0.396293
track traj angle_9
0.101817,0.951011,0.396189
track traj angle_10
0.101316,0.950449,0.396072
track traj angle_11
0.100761,0.949828,0.395943
track traj angle_12
0.100154,0.949148,0.395801
track traj angle_13
0.099494,0.948408,0.395648
track traj angle_14
0.0987812,0.947609,0.395481
track traj angle_15
0.0980155,0.946751,0.395303
track traj angle_16
0.0971971,0.945834,0.395112
track traj angle_17
0.0963258,0.944857,0.394909
track traj angle_18
0.0954017,0.943822,0.394694
track traj angle_19
0.0944248,0.942727,0.394467
track traj angle_20
0.0933952,0.941573,0.394227
track traj angle_21
0.0923127,0.94036,0.393975
track traj angle_22
0.0911787,0.939087,0.39371
track traj angle_23
0.0899945,0.937753,0.393432
track traj angle_24
0.0887605,0.936357,0.393142
track traj angle_25
0.087477,0.9349,0.392839
track traj angle_26
0.0861445,0.933381,0.392523
track traj angle_27
0.0847632,0.931799,0.392194
track traj angle_28
0.0833337,0.930155,0.391851
track traj angle_29
0.0818564,0.928448,0.391496
track traj angle_30
0.0803317,0.926678,0.391127
track traj angle_31
0.07876,0.924844,0.390745
track traj angle_32
0.0771419,0.922947,0.39035
track traj angle_33
0.0754777,0.920985,0.389941
track traj angle_34
0.0737682,0.918959,0.389518
track traj angle_35
0.0720136,0.916867,0.389082
track traj angle_36
0.0702147,0.914711,0.388632
track traj angle_37
0.0683719,0.912488,0.388168
track traj angle_38
0.0664861,0.910199,0.38769
track traj angle_39
0.0645577,0.907844,0.387199
cost_distx: 8.11011,cost_disty: 10.5125,cost_etheta: 0.455116,track traj angle_0
0.103956,0.953408,0.396687
track traj angle_1
0.10393,0.953378,0.396681
track traj angle_2
0.10385,0.95329,0.396662
track traj angle_3
0.103718,0.953142,0.396632
track traj angle_4
0.103534,0.952935,0.396589
track traj angle_5
0.103296,0.952668,0.396533
track traj angle_6
0.103006,0.952343,0.396466
track traj angle_7
0.102662,0.951958,0.396386
track traj angle_8
0.102266,0.951514,0.396293
track traj angle_9
0.101817,0.951011,0.396189
track traj angle_10
0.101316,0.950449,0.396072
track traj angle_11
0.100761,0.949828,0.395943
track traj angle_12
0.100154,0.949148,0.395801
track traj angle_13
0.099494,0.948408,0.395648
track traj angle_14
0.0987812,0.947609,0.395481
track traj angle_15
0.0980155,0.946751,0.395303
track traj angle_16
0.0971971,0.945834,0.395112
track traj angle_17
0.0963258,0.944857,0.394909
track traj angle_18
0.0954017,0.943822,0.394694
track traj angle_19
0.0944248,0.942727,0.394467
track traj angle_20
0.0933952,0.941573,0.394227
track traj angle_21
0.0923127,0.94036,0.393975
track traj angle_22
0.0911787,0.939087,0.39371
track traj angle_23
0.0899945,0.937753,0.393432
track traj angle_24
0.0887605,0.936357,0.393142
track traj angle_25
0.087477,0.9349,0.392839
track traj angle_26
0.0861445,0.933381,0.392523
track traj angle_27
0.0847632,0.931799,0.392194
track traj angle_28
0.0833337,0.930155,0.391851
track traj angle_29
0.0818564,0.928448,0.391496
track traj angle_30
0.0803317,0.926678,0.391127
track traj angle_31
0.07876,0.924844,0.390745
track traj angle_32
0.0771419,0.922947,0.39035
track traj angle_33
0.0754777,0.920985,0.389941
track traj angle_34
0.0737682,0.918959,0.389518
track traj angle_35
0.0720136,0.916867,0.389082
track traj angle_36
0.0702147,0.914711,0.388632
track traj angle_37
0.0683719,0.912488,0.388168
track traj angle_38
0.0664861,0.910199,0.38769
track traj angle_39
0.0645577,0.907844,0.387199
cost_distx: 9.11306,cost_disty: 11.8675,cost_etheta: 0.513914,track traj angle_0
0.103956,0.953408,0.396687
track traj angle_1
0.10393,0.953378,0.396681
track traj angle_2
0.10385,0.95329,0.396662
track traj angle_3
0.103718,0.953142,0.396632
track traj angle_4
0.103534,0.952935,0.396589
track traj angle_5
0.103296,0.952668,0.396533
track traj angle_6
0.103006,0.952343,0.396466
track traj angle_7
0.102662,0.951958,0.396386
track traj angle_8
0.102266,0.951514,0.396293
track traj angle_9
0.101817,0.951011,0.396189
track traj angle_10
0.101316,0.950449,0.396072
track traj angle_11
0.100761,0.949828,0.395943
track traj angle_12
0.100154,0.949148,0.395801
track traj angle_13
0.099494,0.948408,0.395648
track traj angle_14
0.0987812,0.947609,0.395481
track traj angle_15
0.0980155,0.946751,0.395303
track traj angle_16
0.0971971,0.945834,0.395112
track traj angle_17
0.0963258,0.944857,0.394909
track traj angle_18
0.0954017,0.943822,0.394694
track traj angle_19
0.0944248,0.942727,0.394467
track traj angle_20
0.0933952,0.941573,0.394227
track traj angle_21
0.0923127,0.94036,0.393975
track traj angle_22
0.0911787,0.939087,0.39371
track traj angle_23
0.0899945,0.937753,0.393432
track traj angle_24
0.0887605,0.936357,0.393142
track traj angle_25
0.087477,0.9349,0.392839
track traj angle_26
0.0861445,0.933381,0.392523
track traj angle_27
0.0847632,0.931799,0.392194
track traj angle_28
0.0833337,0.930155,0.391851
track traj angle_29
0.0818564,0.928448,0.391496
track traj angle_30
0.0803317,0.926678,0.391127
track traj angle_31
0.07876,0.924844,0.390745
track traj angle_32
0.0771419,0.922947,0.39035
track traj angle_33
0.0754777,0.920985,0.389941
track traj angle_34
0.0737682,0.918959,0.389518
track traj angle_35
0.0720136,0.916867,0.389082
track traj angle_36
0.0702147,0.914711,0.388632
track traj angle_37
0.0683719,0.912488,0.388168
track traj angle_38
0.0664861,0.910199,0.38769
track traj angle_39
0.0645577,0.907844,0.387199
cost_distx: 10.2032,cost_disty: 13.3522,cost_etheta: 0.578363,track traj angle_0
0.103956,0.953408,0.396687
track traj angle_1
0.10393,0.953378,0.396681
track traj angle_2
0.10385,0.95329,0.396662
track traj angle_3
0.103718,0.953142,0.396632
track traj angle_4
0.103534,0.952935,0.396589
track traj angle_5
0.103296,0.952668,0.396533
track traj angle_6
0.103006,0.952343,0.396466
track traj angle_7
0.102662,0.951958,0.396386
track traj angle_8
0.102266,0.951514,0.396293
track traj angle_9
0.101817,0.951011,0.396189
track traj angle_10
0.101316,0.950449,0.396072
track traj angle_11
0.100761,0.949828,0.395943
track traj angle_12
0.100154,0.949148,0.395801
track traj angle_13
0.099494,0.948408,0.395648
track traj angle_14
0.0987812,0.947609,0.395481
track traj angle_15
0.0980155,0.946751,0.395303
track traj angle_16
0.0971971,0.945834,0.395112
track traj angle_17
0.0963258,0.944857,0.394909
track traj angle_18
0.0954017,0.943822,0.394694
track traj angle_19
0.0944248,0.942727,0.394467
track traj angle_20
0.0933952,0.941573,0.394227
track traj angle_21
0.0923127,0.94036,0.393975
track traj angle_22
0.0911787,0.939087,0.39371
track traj angle_23
0.0899945,0.937753,0.393432
track traj angle_24
0.0887605,0.936357,0.393142
track traj angle_25
0.087477,0.9349,0.392839
track traj angle_26
0.0861445,0.933381,0.392523
track traj angle_27
0.0847632,0.931799,0.392194
track traj angle_28
0.0833337,0.930155,0.391851
track traj angle_29
0.0818564,0.928448,0.391496
track traj angle_30
0.0803317,0.926678,0.391127
track traj angle_31
0.07876,0.924844,0.390745
track traj angle_32
0.0771419,0.922947,0.39035
track traj angle_33
0.0754777,0.920985,0.389941
track traj angle_34
0.0737682,0.918959,0.389518
track traj angle_35
0.0720136,0.916867,0.389082
track traj angle_36
0.0702147,0.914711,0.388632
track traj angle_37
0.0683719,0.912488,0.388168
track traj angle_38
0.0664861,0.910199,0.38769
track traj angle_39
0.0645577,0.907844,0.387199
cost_distx: 11.3848,cost_disty: 14.9749,cost_etheta: 0.648837,track traj angle_0
0.103956,0.953408,0.396687
track traj angle_1
0.10393,0.953378,0.396681
track traj angle_2
0.10385,0.95329,0.396662
track traj angle_3
0.103718,0.953142,0.396632
track traj angle_4
0.103534,0.952935,0.396589
track traj angle_5
0.103296,0.952668,0.396533
track traj angle_6
0.103006,0.952343,0.396466
track traj angle_7
0.102662,0.951958,0.396386
track traj angle_8
0.102266,0.951514,0.396293
track traj angle_9
0.101817,0.951011,0.396189
track traj angle_10
0.101316,0.950449,0.396072
track traj angle_11
0.100761,0.949828,0.395943
track traj angle_12
0.100154,0.949148,0.395801
track traj angle_13
0.099494,0.948408,0.395648
track traj angle_14
0.0987812,0.947609,0.395481
track traj angle_15
0.0980155,0.946751,0.395303
track traj angle_16
0.0971971,0.945834,0.395112
track traj angle_17
0.0963258,0.944857,0.394909
track traj angle_18
0.0954017,0.943822,0.394694
track traj angle_19
0.0944248,0.942727,0.394467
track traj angle_20
0.0933952,0.941573,0.394227
track traj angle_21
0.0923127,0.94036,0.393975
track traj angle_22
0.0911787,0.939087,0.39371
track traj angle_23
0.0899945,0.937753,0.393432
track traj angle_24
0.0887605,0.936357,0.393142
track traj angle_25
0.087477,0.9349,0.392839
track traj angle_26
0.0861445,0.933381,0.392523
track traj angle_27
0.0847632,0.931799,0.392194
track traj angle_28
0.0833337,0.930155,0.391851
track traj angle_29
0.0818564,0.928448,0.391496
track traj angle_30
0.0803317,0.926678,0.391127
track traj angle_31
0.07876,0.924844,0.390745
track traj angle_32
0.0771419,0.922947,0.39035
track traj angle_33
0.0754777,0.920985,0.389941
track traj angle_34
0.0737682,0.918959,0.389518
track traj angle_35
0.0720136,0.916867,0.389082
track traj angle_36
0.0702147,0.914711,0.388632
track traj angle_37
0.0683719,0.912488,0.388168
track traj angle_38
0.0664861,0.910199,0.38769
track traj angle_39
0.0645577,0.907844,0.387199
cost_distx: 12.6623,cost_disty: 16.7445,cost_etheta: 0.725719,track traj angle_0
0.103956,0.953408,0.396687
track traj angle_1
0.10393,0.953378,0.396681
track traj angle_2
0.10385,0.95329,0.396662
track traj angle_3
0.103718,0.953142,0.396632
track traj angle_4
0.103534,0.952935,0.396589
track traj angle_5
0.103296,0.952668,0.396533
track traj angle_6
0.103006,0.952343,0.396466
track traj angle_7
0.102662,0.951958,0.396386
track traj angle_8
0.102266,0.951514,0.396293
track traj angle_9
0.101817,0.951011,0.396189
track traj angle_10
0.101316,0.950449,0.396072
track traj angle_11
0.100761,0.949828,0.395943
track traj angle_12
0.100154,0.949148,0.395801
track traj angle_13
0.099494,0.948408,0.395648
track traj angle_14
0.0987812,0.947609,0.395481
track traj angle_15
0.0980155,0.946751,0.395303
track traj angle_16
0.0971971,0.945834,0.395112
track traj angle_17
0.0963258,0.944857,0.394909
track traj angle_18
0.0954017,0.943822,0.394694
track traj angle_19
0.0944248,0.942727,0.394467
track traj angle_20
0.0933952,0.941573,0.394227
track traj angle_21
0.0923127,0.94036,0.393975
track traj angle_22
0.0911787,0.939087,0.39371
track traj angle_23
0.0899945,0.937753,0.393432
track traj angle_24
0.0887605,0.936357,0.393142
track traj angle_25
0.087477,0.9349,0.392839
track traj angle_26
0.0861445,0.933381,0.392523
track traj angle_27
0.0847632,0.931799,0.392194
track traj angle_28
0.0833337,0.930155,0.391851
track traj angle_29
0.0818564,0.928448,0.391496
track traj angle_30
0.0803317,0.926678,0.391127
track traj angle_31
0.07876,0.924844,0.390745
track traj angle_32
0.0771419,0.922947,0.39035
track traj angle_33
0.0754777,0.920985,0.389941
track traj angle_34
0.0737682,0.918959,0.389518
track traj angle_35
0.0720136,0.916867,0.389082
track traj angle_36
0.0702147,0.914711,0.388632
track traj angle_37
0.0683719,0.912488,0.388168
track traj angle_38
0.0664861,0.910199,0.38769
track traj angle_39
0.0645577,0.907844,0.387199
cost_distx: 14.0399,cost_disty: 18.6699,cost_etheta: 0.809397,track traj angle_0
0.103956,0.953408,0.396687
track traj angle_1
0.10393,0.953378,0.396681
track traj angle_2
0.10385,0.95329,0.396662
track traj angle_3
0.103718,0.953142,0.396632
track traj angle_4
0.103534,0.952935,0.396589
track traj angle_5
0.103296,0.952668,0.396533
track traj angle_6
0.103006,0.952343,0.396466
track traj angle_7
0.102662,0.951958,0.396386
track traj angle_8
0.102266,0.951514,0.396293
track traj angle_9
0.101817,0.951011,0.396189
track traj angle_10
0.101316,0.950449,0.396072
track traj angle_11
0.100761,0.949828,0.395943
track traj angle_12
0.100154,0.949148,0.395801
track traj angle_13
0.099494,0.948408,0.395648
track traj angle_14
0.0987812,0.947609,0.395481
track traj angle_15
0.0980155,0.946751,0.395303
track traj angle_16
0.0971971,0.945834,0.395112
track traj angle_17
0.0963258,0.944857,0.394909
track traj angle_18
0.0954017,0.943822,0.394694
track traj angle_19
0.0944248,0.942727,0.394467
track traj angle_20
0.0933952,0.941573,0.394227
track traj angle_21
0.0923127,0.94036,0.393975
track traj angle_22
0.0911787,0.939087,0.39371
track traj angle_23
0.0899945,0.937753,0.393432
track traj angle_24
0.0887605,0.936357,0.393142
track traj angle_25
0.087477,0.9349,0.392839
track traj angle_26
0.0861445,0.933381,0.392523
track traj angle_27
0.0847632,0.931799,0.392194
track traj angle_28
0.0833337,0.930155,0.391851
track traj angle_29
0.0818564,0.928448,0.391496
track traj angle_30
0.0803317,0.926678,0.391127
track traj angle_31
0.07876,0.924844,0.390745
track traj angle_32
0.0771419,0.922947,0.39035
track traj angle_33
0.0754777,0.920985,0.389941
track traj angle_34
0.0737682,0.918959,0.389518
track traj angle_35
0.0720136,0.916867,0.389082
track traj angle_36
0.0702147,0.914711,0.388632
track traj angle_37
0.0683719,0.912488,0.388168
track traj angle_38
0.0664861,0.910199,0.38769
track traj angle_39
0.0645577,0.907844,0.387199
cost_distx: 15.5222,cost_disty: 20.7607,cost_etheta: 0.900284,-----------------------------------------------

******************************************************************************
This program contains Ipopt, a library for large-scale nonlinear optimization.
 Ipopt is released as open source code under the Eclipse Public License (EPL).
         For more information visit https://github.com/coin-or/Ipopt
******************************************************************************

This is Ipopt version 3.14.13, running with linear solver ma27.

Number of nonzeros in equality constraint Jacobian...:      345
Number of nonzeros in inequality constraint Jacobian.:        0
Number of nonzeros in Lagrangian Hessian.............:      319

Total number of variables............................:      231
                     variables with only lower bounds:        0
                variables with lower and upper bounds:      231
                     variables with only upper bounds:        0
Total number of equality constraints.................:      120
Total number of inequality constraints...............:        0
        inequality constraints with only lower bounds:        0
   inequality constraints with lower and upper bounds:        0
        inequality constraints with only upper bounds:        0

iter    objective    inf_pr   inf_du lg(mu)  ||d||  lg(rg) alpha_du alpha_pr  ls
   0  3.1075550e+02 3.97e-02 1.00e+02  -1.0 0.00e+00    -  0.00e+00 0.00e+00   0
   1  4.0409689e+02 3.61e-02 9.10e+01  -1.0 2.20e+00    -  8.60e-02 8.99e-02h  1
   2  5.4645377e+02 3.45e-02 8.70e+01  -1.0 1.75e+00    -  1.46e-01 4.36e-02h  1
   3  8.7870973e+02 3.22e-02 8.12e+01  -1.0 1.22e+00    -  2.08e-01 6.74e-02h  1
   4  1.4952625e+03 2.94e-02 7.40e+01  -1.0 1.04e+00    -  2.51e-01 8.88e-02h  1
   5  2.3498033e+03 2.65e-02 6.68e+01  -1.0 9.22e-01    -  2.97e-01 9.72e-02h  1
   6  3.4850382e+03 2.36e-02 8.62e+01  -1.0 7.98e-01    -  3.69e-01 1.10e-01h  1
   7  4.9501613e+03 2.05e-02 1.10e+02  -1.0 6.78e-01    -  4.89e-01 1.29e-01h  1
   8  6.8186307e+03 1.74e-02 1.33e+02  -1.0 6.35e-01    -  7.46e-01 1.55e-01h  1
   9  9.2796664e+03 1.39e-02 1.33e+02  -1.0 4.76e-01    -  9.94e-01 2.02e-01h  1
iter    objective    inf_pr   inf_du lg(mu)  ||d||  lg(rg) alpha_du alpha_pr  ls
  10  1.2295789e+04 1.02e-02 1.07e+02  -1.0 4.77e-01    -  1.00e+00 2.63e-01h  1
  11  1.5445113e+04 6.92e-03 7.80e+01  -1.0 3.02e-01    -  1.00e+00 3.23e-01h  1
  12  1.8647473e+04 3.94e-03 4.72e+01  -1.0 2.65e-01    -  1.00e+00 4.31e-01h  1
  13  2.1880033e+04 1.22e-03 1.53e+01  -1.0 1.02e-01    -  1.00e+00 6.92e-01h  1
  14  2.3417892e+04 1.88e-06 1.16e-12  -1.0 6.68e-02    -  1.00e+00 1.00e+00h  1
  15  2.3399225e+04 6.31e-08 2.34e-01  -2.5 1.65e-02    -  9.15e-01 1.00e+00f  1
  16  2.3397678e+04 8.03e-09 9.77e-13  -2.5 1.08e-02    -  1.00e+00 1.00e+00f  1
  17  2.3396963e+04 2.07e-09 1.15e-12  -3.8 4.47e-03    -  1.00e+00 1.00e+00f  1
  18  2.3396920e+04 1.42e-10 8.75e-13  -5.7 1.41e-03    -  1.00e+00 1.00e+00f  1
publish joint velocitys: 0,0,0,0,0,0,0,0,0,0,0,
  19  2.3396920e+04 1.09e-11 1.45e-12  -5.7 1.15e-04    -  1.00e+00 1.00e+00h  1
iter    objective    inf_pr   inf_du lg(mu)  ||d||  lg(rg) alpha_du alpha_pr  ls
  20  2.3396920e+04 1.17e-13 9.21e-13  -8.0 3.16e-06    -  1.00e+00 1.00e+00f  1

Number of Iterations....: 20

                                   (scaled)                 (unscaled)
Objective...............:   2.5674837032608593e+03    2.3396919523627439e+04
Dual infeasibility......:   9.2146013065144382e-13    8.3970653810582753e-12
Constraint violation....:   1.1668443988810395e-13    1.1668443988810395e-13
Variable bound violation:   9.9704601796979375e-09    9.9704601796979375e-09
Complementarity.........:   9.4877692435858285e-09    8.6459973696811167e-08
Overall NLP error.......:   9.4877692435858285e-09    8.6459973696811167e-08


Number of objective function evaluations             = 21
Number of objective gradient evaluations             = 21
Number of equality constraint evaluations            = 21
Number of inequality constraint evaluations          = 0
Number of equality constraint Jacobian evaluations   = 21
Number of inequality constraint Jacobian evaluations = 0
Number of Lagrangian Hessian evaluations             = 20
Total seconds in IPOPT                               = 0.025

EXIT: Optimal Solution Found.
+++++++++++++++++  ç»“æŸæ±‚è§£  ++++++++++++++++
$$$$$$$$$ ç»“æœå±•ç¤º $$$$$$$$$$
------ Total Cost(solution): 23396.9-----
------ solutionç»“æœ: 1------
------ solution,size(): 237-----
CHRONO  MPC solve time: 35ms
$$$$$$ MPC solved successfully! $$$$$$
MPC solve time: 0.035202 s
MPC solve Stamp: 0.035336
loop_æ—¶é—´æˆ³: 0.035351
***********************  ç»“æŸControl Loop  ************************


pubçš„æ—¶é—´æˆ³0.0353544
DEBUG&&&&&
publish joint velocitys: -0.0168766,-0.3,0,0,0,0,0,0,0,0,0,
publish joint velocitys: -0.0151879,-0.3,0,0,0,0,0,0,0,0,0,
publish joint velocitys: -0.0141418,-0.3,0,0,0,0,0,0,0,0,0,
publish joint velocitys: -0.0144966,-0.3,0,0,0,0,0,0,0,0,0,
publish joint velocitys: -0.0151613,-0.3,0,0,0,0,0,0,0,0,0,
publish joint velocitys: -0.0158124,-0.120688,0,0,0,0,0,0,0,0,0,
publish joint velocitys: -0.016442,0.0664422,0,0,0,0,0,0,0,0,0,
publish joint velocitys: -0.0170697,0.105014,0,0,0,0,0,0,0,0,0,
publish joint velocitys: -0.0177011,0.106761,0,0,0,0,0,0,0,0,0,
publish joint velocitys: -0.0183363,0.110097,0,0,0,0,0,0,0,0,0,
publish joint velocitys: -0.0189751,0.117233,0,0,0,0,0,0,0,0,0,
publish joint velocitys: -0.0196176,0.126223,0,0,0,0,0,0,0,0,0,
publish joint velocitys: -0.0202636,0.136502,0,0,0,0,0,0,0,0,0,
publish joint velocitys: -0.0209134,0.148155,0,0,0,0,0,0,0,0,0,
publish joint velocitys: -0.0215694,0.16142,0,0,0,0,0,0,0,0,0,
publish joint velocitys: -0.0222388,0.176634,0,0,0,0,0,0,0,0,0,
publish joint velocitys: -0.0229139,0.193402,0,0,0,0,0,0,0,0,0,
publish joint velocitys: -0.0234566,0.206922,0,0,0,0,0,0,0,0,0,
publish joint velocitys: -7.0194e-05,0,0,0,0,0,0,0,0,0,0,
publish joint velocitys: -0.000176997,0,0,0,0,0,0,0,0,0,0,
publish joint velocitys: -0.000303723,0,0,0,0,0,0,0,0,0,0,
publish joint velocitys: -0.000438694,0,0,0,0,0,0,0,0,0,0,
publish joint velocitys: -0.000608301,0,0,0,0,0,0,0,0,0,0,
publish joint velocitys: -0.000757411,0,0,0,0,0,0,0,0,0,0,
publish joint velocitys: -0.000283406,0,0,0,0,0,0,0,0,0,0,
publish joint velocitys: 0.0022248,0,0,0,0,0,0,0,0,0,0,
publish joint velocitys: 0.00301659,0,0,0,0,0,0,0,0,0,0,
publish joint velocitys: -0.0331326,0,0,0,0,0,0,0,0,0,0,
publish joint velocitys: -0.182069,0,0,0,0,0,0,0,0,0,0,
publish joint velocitys: -0.2,0,0,0,0,0,0,0,0,0,0,
publish joint velocitys: -0.2,0,0,0,0,0,0,0,0,0,0,
publish joint velocitys: -0.2,0,0,0,0,0,0,0,0,0,0,
publish joint velocitys: -0.2,0,0,0,0,0,0,0,0,0,0,
publish joint velocitys: -0.2,0,0,0,0,0,0,0,0,0,0,
publish joint velocitys: -0.2,0,0,0,0,0,0,0,0,0,0,
publish joint velocitys: -0.2,0,0,0,0,0,0,0,0,0,0,
publish joint velocitys: -0.2,0,0,0,0,0,0,0,0,0,0,
